0 verbose cli /usr/local/bin/node /usr/local/bin/npm
1 info using npm@10.9.3
2 info using node@v22.20.0
3 silly config load:file:/usr/local/lib/node_modules/npm/npmrc
4 silly config load:file:/Users/kanchana/Documents/cloudrace/cloudrace-astro/.npmrc
5 silly config load:file:/Users/kanchana/.npmrc
6 silly config load:file:/usr/local/etc/npmrc
7 verbose title npm install @tailwindcss/typography
8 verbose argv "install" "@tailwindcss/typography" "--cache" ".npm_cache"
9 verbose logfile logs-max:10 dir:/Users/kanchana/Documents/cloudrace/cloudrace-astro/.npm_cache/_logs/2026-03-05T03_26_16_451Z-
10 verbose logfile /Users/kanchana/Documents/cloudrace/cloudrace-astro/.npm_cache/_logs/2026-03-05T03_26_16_451Z-debug-0.log
11 silly logfile done cleaning log files
12 silly packumentCache heap:4345298944 maxSize:1086324736 maxEntrySize:543162368
13 silly idealTree buildDeps
14 silly fetch manifest @tailwindcss/typography@*
15 silly packumentCache full:https://registry.npmjs.org/@tailwindcss%2ftypography cache-miss
16 verbose shrinkwrap failed to load node_modules/.package-lock.json out of date, updated: node_modules
17 http fetch GET 200 https://registry.npmjs.org/@tailwindcss%2ftypography 328ms (cache miss)
18 silly packumentCache full:https://registry.npmjs.org/@tailwindcss%2ftypography set size:undefined disposed:false
19 silly fetch manifest tailwindcss@^3.4.0
20 silly packumentCache full:https://registry.npmjs.org/tailwindcss cache-miss
21 http cache https://registry.npmjs.org/tailwindcss 19ms (cache hit)
22 silly packumentCache full:https://registry.npmjs.org/tailwindcss set size:10227949 disposed:false
23 silly placeDep ROOT @tailwindcss/typography@0.5.19 OK for: cloudrace-astro@1.0.0 want: *
24 silly fetch manifest postcss-selector-parser@6.0.10
25 silly packumentCache full:https://registry.npmjs.org/postcss-selector-parser cache-miss
26 http cache https://registry.npmjs.org/postcss-selector-parser 4ms (cache hit)
27 silly packumentCache full:https://registry.npmjs.org/postcss-selector-parser set size:177140 disposed:false
28 silly fetch manifest @types/react@^17.0.50 || ^18.0.21
29 silly packumentCache full:https://registry.npmjs.org/@types%2freact cache-miss
30 http fetch GET 200 https://registry.npmjs.org/@types%2freact 192ms (cache miss)
31 silly packumentCache full:https://registry.npmjs.org/@types%2freact set size:undefined disposed:false
32 silly fetch manifest @types/react-dom@^17.0.17 || ^18.0.6
33 silly packumentCache full:https://registry.npmjs.org/@types%2freact-dom cache-miss
34 http fetch GET 200 https://registry.npmjs.org/@types%2freact-dom 81ms (cache miss)
35 silly packumentCache full:https://registry.npmjs.org/@types%2freact-dom set size:undefined disposed:false
36 silly placeDep ROOT @types/react@18.3.28 OK for: @astrojs/react@3.6.3 want: ^17.0.50 || ^18.0.21
37 silly placeDep ROOT @types/react-dom@18.3.7 OK for: @astrojs/react@3.6.3 want: ^17.0.17 || ^18.0.6
38 silly fetch manifest csstype@^3.2.2
39 silly packumentCache full:https://registry.npmjs.org/csstype cache-miss
40 silly fetch manifest @types/prop-types@*
41 silly packumentCache full:https://registry.npmjs.org/@types%2fprop-types cache-miss
42 http fetch GET 200 https://registry.npmjs.org/csstype 61ms (cache miss)
43 silly packumentCache full:https://registry.npmjs.org/csstype set size:undefined disposed:false
44 http fetch GET 200 https://registry.npmjs.org/@types%2fprop-types 562ms (cache miss)
45 silly packumentCache full:https://registry.npmjs.org/@types%2fprop-types set size:undefined disposed:false
46 silly placeDep node_modules/@tailwindcss/typography postcss-selector-parser@6.0.10 OK for: @tailwindcss/typography@0.5.19 want: 6.0.10
47 silly placeDep ROOT @types/prop-types@15.7.15 OK for: @types/react@18.3.28 want: *
48 silly placeDep ROOT csstype@3.2.3 OK for: @types/react@18.3.28 want: ^3.2.2
49 silly fetch manifest typescript@^4.9.4 || ^5.0.2
50 silly packumentCache full:https://registry.npmjs.org/typescript cache-miss
51 http fetch GET 200 https://registry.npmjs.org/typescript 952ms (cache miss)
52 silly packumentCache full:https://registry.npmjs.org/typescript set size:undefined disposed:false
53 silly placeDep ROOT typescript@5.9.3 OK for: zod-to-ts@1.2.0 want: ^4.9.4 || ^5.0.2
54 silly reify moves {}
55 silly audit bulk request {
55 silly audit   '@alloc/quick-lru': [ '5.2.0' ],
55 silly audit   '@astrojs/compiler': [ '2.13.1' ],
55 silly audit   '@astrojs/internal-helpers': [ '0.4.1' ],
55 silly audit   '@astrojs/markdown-remark': [ '5.3.0' ],
55 silly audit   '@astrojs/mdx': [ '3.1.9' ],
55 silly audit   '@astrojs/prism': [ '3.1.0' ],
55 silly audit   '@astrojs/react': [ '3.6.3' ],
55 silly audit   '@astrojs/tailwind': [ '5.1.5' ],
55 silly audit   '@astrojs/telemetry': [ '3.1.0' ],
55 silly audit   '@babel/code-frame': [ '7.29.0' ],
55 silly audit   '@babel/compat-data': [ '7.29.0' ],
55 silly audit   '@babel/core': [ '7.29.0' ],
55 silly audit   '@babel/generator': [ '7.29.1' ],
55 silly audit   '@babel/helper-annotate-as-pure': [ '7.27.3' ],
55 silly audit   '@babel/helper-compilation-targets': [ '7.28.6' ],
55 silly audit   '@babel/helper-globals': [ '7.28.0' ],
55 silly audit   '@babel/helper-module-imports': [ '7.28.6' ],
55 silly audit   '@babel/helper-module-transforms': [ '7.28.6' ],
55 silly audit   '@babel/helper-plugin-utils': [ '7.28.6' ],
55 silly audit   '@babel/helper-string-parser': [ '7.27.1' ],
55 silly audit   '@babel/helper-validator-identifier': [ '7.28.5' ],
55 silly audit   '@babel/helper-validator-option': [ '7.27.1' ],
55 silly audit   '@babel/helpers': [ '7.28.6' ],
55 silly audit   '@babel/parser': [ '7.29.0' ],
55 silly audit   '@babel/plugin-syntax-jsx': [ '7.28.6' ],
55 silly audit   '@babel/plugin-transform-react-jsx': [ '7.28.6' ],
55 silly audit   '@babel/plugin-transform-react-jsx-self': [ '7.27.1' ],
55 silly audit   '@babel/plugin-transform-react-jsx-source': [ '7.27.1' ],
55 silly audit   '@babel/template': [ '7.28.6' ],
55 silly audit   '@babel/traverse': [ '7.29.0' ],
55 silly audit   '@babel/types': [ '7.29.0' ],
55 silly audit   '@emnapi/runtime': [ '1.8.1' ],
55 silly audit   '@esbuild/aix-ppc64': [ '0.21.5' ],
55 silly audit   '@esbuild/android-arm': [ '0.21.5' ],
55 silly audit   '@esbuild/android-arm64': [ '0.21.5' ],
55 silly audit   '@esbuild/android-x64': [ '0.21.5' ],
55 silly audit   '@esbuild/darwin-arm64': [ '0.21.5' ],
55 silly audit   '@esbuild/darwin-x64': [ '0.21.5' ],
55 silly audit   '@esbuild/freebsd-arm64': [ '0.21.5' ],
55 silly audit   '@esbuild/freebsd-x64': [ '0.21.5' ],
55 silly audit   '@esbuild/linux-arm': [ '0.21.5' ],
55 silly audit   '@esbuild/linux-arm64': [ '0.21.5' ],
55 silly audit   '@esbuild/linux-ia32': [ '0.21.5' ],
55 silly audit   '@esbuild/linux-loong64': [ '0.21.5' ],
55 silly audit   '@esbuild/linux-mips64el': [ '0.21.5' ],
55 silly audit   '@esbuild/linux-ppc64': [ '0.21.5' ],
55 silly audit   '@esbuild/linux-riscv64': [ '0.21.5' ],
55 silly audit   '@esbuild/linux-s390x': [ '0.21.5' ],
55 silly audit   '@esbuild/linux-x64': [ '0.21.5' ],
55 silly audit   '@esbuild/netbsd-x64': [ '0.21.5' ],
55 silly audit   '@esbuild/openbsd-x64': [ '0.21.5' ],
55 silly audit   '@esbuild/sunos-x64': [ '0.21.5' ],
55 silly audit   '@esbuild/win32-arm64': [ '0.21.5' ],
55 silly audit   '@esbuild/win32-ia32': [ '0.21.5' ],
55 silly audit   '@esbuild/win32-x64': [ '0.21.5' ],
55 silly audit   '@img/sharp-darwin-arm64': [ '0.33.5' ],
55 silly audit   '@img/sharp-darwin-x64': [ '0.33.5' ],
55 silly audit   '@img/sharp-libvips-darwin-arm64': [ '1.0.4' ],
55 silly audit   '@img/sharp-libvips-darwin-x64': [ '1.0.4' ],
55 silly audit   '@img/sharp-libvips-linux-arm': [ '1.0.5' ],
55 silly audit   '@img/sharp-libvips-linux-arm64': [ '1.0.4' ],
55 silly audit   '@img/sharp-libvips-linux-s390x': [ '1.0.4' ],
55 silly audit   '@img/sharp-libvips-linux-x64': [ '1.0.4' ],
55 silly audit   '@img/sharp-libvips-linuxmusl-arm64': [ '1.0.4' ],
55 silly audit   '@img/sharp-libvips-linuxmusl-x64': [ '1.0.4' ],
55 silly audit   '@img/sharp-linux-arm': [ '0.33.5' ],
55 silly audit   '@img/sharp-linux-arm64': [ '0.33.5' ],
55 silly audit   '@img/sharp-linux-s390x': [ '0.33.5' ],
55 silly audit   '@img/sharp-linux-x64': [ '0.33.5' ],
55 silly audit   '@img/sharp-linuxmusl-arm64': [ '0.33.5' ],
55 silly audit   '@img/sharp-linuxmusl-x64': [ '0.33.5' ],
55 silly audit   '@img/sharp-wasm32': [ '0.33.5' ],
55 silly audit   '@img/sharp-win32-ia32': [ '0.33.5' ],
55 silly audit   '@img/sharp-win32-x64': [ '0.33.5' ],
55 silly audit   '@jridgewell/gen-mapping': [ '0.3.13' ],
55 silly audit   '@jridgewell/remapping': [ '2.3.5' ],
55 silly audit   '@jridgewell/resolve-uri': [ '3.1.2' ],
55 silly audit   '@jridgewell/sourcemap-codec': [ '1.5.5' ],
55 silly audit   '@jridgewell/trace-mapping': [ '0.3.31' ],
55 silly audit   '@mdx-js/mdx': [ '3.1.1' ],
55 silly audit   '@nodelib/fs.scandir': [ '2.1.5' ],
55 silly audit   '@nodelib/fs.stat': [ '2.0.5' ],
55 silly audit   '@nodelib/fs.walk': [ '1.2.8' ],
55 silly audit   '@oslojs/encoding': [ '1.1.0' ],
55 silly audit   '@rolldown/pluginutils': [ '1.0.0-beta.27' ],
55 silly audit   '@rollup/pluginutils': [ '5.3.0' ],
55 silly audit   'estree-walker': [ '2.0.2', '3.0.3' ],
55 silly audit   '@rollup/rollup-android-arm-eabi': [ '4.59.0' ],
55 silly audit   '@rollup/rollup-android-arm64': [ '4.59.0' ],
55 silly audit   '@rollup/rollup-darwin-arm64': [ '4.59.0' ],
55 silly audit   '@rollup/rollup-darwin-x64': [ '4.59.0' ],
55 silly audit   '@rollup/rollup-freebsd-arm64': [ '4.59.0' ],
55 silly audit   '@rollup/rollup-freebsd-x64': [ '4.59.0' ],
55 silly audit   '@rollup/rollup-linux-arm-gnueabihf': [ '4.59.0' ],
55 silly audit   '@rollup/rollup-linux-arm-musleabihf': [ '4.59.0' ],
55 silly audit   '@rollup/rollup-linux-arm64-gnu': [ '4.59.0' ],
55 silly audit   '@rollup/rollup-linux-arm64-musl': [ '4.59.0' ],
55 silly audit   '@rollup/rollup-linux-loong64-gnu': [ '4.59.0' ],
55 silly audit   '@rollup/rollup-linux-loong64-musl': [ '4.59.0' ],
55 silly audit   '@rollup/rollup-linux-ppc64-gnu': [ '4.59.0' ],
55 silly audit   '@rollup/rollup-linux-ppc64-musl': [ '4.59.0' ],
55 silly audit   '@rollup/rollup-linux-riscv64-gnu': [ '4.59.0' ],
55 silly audit   '@rollup/rollup-linux-riscv64-musl': [ '4.59.0' ],
55 silly audit   '@rollup/rollup-linux-s390x-gnu': [ '4.59.0' ],
55 silly audit   '@rollup/rollup-linux-x64-gnu': [ '4.59.0' ],
55 silly audit   '@rollup/rollup-linux-x64-musl': [ '4.59.0' ],
55 silly audit   '@rollup/rollup-openbsd-x64': [ '4.59.0' ],
55 silly audit   '@rollup/rollup-openharmony-arm64': [ '4.59.0' ],
55 silly audit   '@rollup/rollup-win32-arm64-msvc': [ '4.59.0' ],
55 silly audit   '@rollup/rollup-win32-ia32-msvc': [ '4.59.0' ],
55 silly audit   '@rollup/rollup-win32-x64-gnu': [ '4.59.0' ],
55 silly audit   '@rollup/rollup-win32-x64-msvc': [ '4.59.0' ],
55 silly audit   '@shikijs/core': [ '1.29.2' ],
55 silly audit   '@shikijs/engine-javascript': [ '1.29.2' ],
55 silly audit   '@shikijs/engine-oniguruma': [ '1.29.2' ],
55 silly audit   '@shikijs/langs': [ '1.29.2' ],
55 silly audit   '@shikijs/themes': [ '1.29.2' ],
55 silly audit   '@shikijs/types': [ '1.29.2' ],
55 silly audit   '@shikijs/vscode-textmate': [ '10.0.2' ],
55 silly audit   '@types/babel__core': [ '7.20.5' ],
55 silly audit   '@types/babel__generator': [ '7.27.0' ],
55 silly audit   '@types/babel__template': [ '7.4.4' ],
55 silly audit   '@types/babel__traverse': [ '7.28.0' ],
55 silly audit   '@types/cookie': [ '0.6.0' ],
55 silly audit   '@types/debug': [ '4.1.12' ],
55 silly audit   '@types/estree': [ '1.0.8' ],
55 silly audit   '@types/estree-jsx': [ '1.0.5' ],
55 silly audit   '@types/hast': [ '3.0.4' ],
55 silly audit   '@types/mdast': [ '4.0.4' ],
55 silly audit   '@types/mdx': [ '2.0.13' ],
55 silly audit   '@types/ms': [ '2.1.0' ],
55 silly audit   '@types/nlcst': [ '2.0.3' ],
55 silly audit   '@types/unist': [ '3.0.3', '2.0.11' ],
55 silly audit   '@ungap/structured-clone': [ '1.3.0' ],
55 silly audit   '@vitejs/plugin-react': [ '4.7.0' ],
55 silly audit   acorn: [ '8.16.0' ],
55 silly audit   'acorn-jsx': [ '5.3.2' ],
55 silly audit   'ansi-align': [ '3.0.1' ],
55 silly audit   'ansi-regex': [ '5.0.1', '6.2.2' ],
55 silly audit   'emoji-regex': [ '8.0.0', '10.6.0' ],
55 silly audit   'string-width': [ '4.2.3', '7.2.0' ],
55 silly audit   'strip-ansi': [ '6.0.1', '7.2.0' ],
55 silly audit   'ansi-styles': [ '6.2.3' ],
55 silly audit   'any-promise': [ '1.3.0' ],
55 silly audit   anymatch: [ '3.1.3' ],
55 silly audit   picomatch: [ '2.3.1', '4.0.3' ],
55 silly audit   arg: [ '5.0.2' ],
55 silly audit   argparse: [ '2.0.1', '1.0.10' ],
55 silly audit   'aria-query': [ '5.3.2' ],
55 silly audit   'array-iterate': [ '2.0.1' ],
55 silly audit   astring: [ '1.9.0' ],
55 silly audit   astro: [ '4.16.19' ],
55 silly audit   semver: [ '7.7.4', '6.3.1' ],
55 silly audit   autoprefixer: [ '10.4.27' ],
55 silly audit   'axobject-query': [ '4.1.0' ],
55 silly audit   bail: [ '2.0.2' ],
55 silly audit   'base-64': [ '1.0.0' ],
55 silly audit   'baseline-browser-mapping': [ '2.10.0' ],
55 silly audit   'binary-extensions': [ '2.3.0' ],
55 silly audit   boxen: [ '8.0.1' ],
55 silly audit   braces: [ '3.0.3' ],
55 silly audit   browserslist: [ '4.28.1' ],
55 silly audit   camelcase: [ '8.0.0' ],
55 silly audit   'camelcase-css': [ '2.0.1' ],
55 silly audit   'caniuse-lite': [ '1.0.30001776' ],
55 silly audit   ccount: [ '2.0.1' ],
55 silly audit   chalk: [ '5.6.2' ],
55 silly audit   'character-entities': [ '2.0.2' ],
55 silly audit   'character-entities-html4': [ '2.1.0' ],
55 silly audit   'character-entities-legacy': [ '3.0.0' ],
55 silly audit   'character-reference-invalid': [ '2.0.1' ],
55 silly audit   chokidar: [ '3.6.0' ],
55 silly audit   'ci-info': [ '4.4.0' ],
55 silly audit   'cli-boxes': [ '3.0.0' ],
55 silly audit   'cli-cursor': [ '5.0.0' ],
55 silly audit   'cli-spinners': [ '2.9.2' ],
55 silly audit   clsx: [ '2.1.1' ],
55 silly audit   'collapse-white-space': [ '2.1.0' ],
55 silly audit   color: [ '4.2.3' ],
55 silly audit   'color-convert': [ '2.0.1' ],
55 silly audit   'color-name': [ '1.1.4' ],
55 silly audit   'color-string': [ '1.9.1' ],
55 silly audit   'comma-separated-tokens': [ '2.0.3' ],
55 silly audit   commander: [ '4.1.1' ],
55 silly audit   'common-ancestor-path': [ '1.0.1' ],
55 silly audit   'convert-source-map': [ '2.0.0' ],
55 silly audit   cookie: [ '0.7.2' ],
55 silly audit   cssesc: [ '3.0.0' ],
55 silly audit   debug: [ '4.4.3' ],
55 silly audit   'decode-named-character-reference': [ '1.3.0' ],
55 silly audit   dequal: [ '2.0.3' ],
55 silly audit   'detect-libc': [ '2.1.2' ],
55 silly audit   'deterministic-object-hash': [ '2.0.2' ],
55 silly audit   devalue: [ '5.6.3' ],
55 silly audit   devlop: [ '1.1.0' ],
55 silly audit   didyoumean: [ '1.2.2' ],
55 silly audit   diff: [ '5.2.2' ],
55 silly audit   dlv: [ '1.1.3' ],
55 silly audit   dset: [ '3.1.4' ],
55 silly audit   'electron-to-chromium': [ '1.5.307' ],
55 silly audit   'emoji-regex-xs': [ '1.0.0' ],
55 silly audit   entities: [ '6.0.1' ],
55 silly audit   'es-module-lexer': [ '1.7.0' ],
55 silly audit   'esast-util-from-estree': [ '2.0.0' ],
55 silly audit   'esast-util-from-js': [ '2.0.1' ],
55 silly audit   esbuild: [ '0.21.5' ],
55 silly audit   escalade: [ '3.2.0' ],
55 silly audit   'escape-string-regexp': [ '5.0.0' ],
55 silly audit   esprima: [ '4.0.1' ],
55 silly audit   'estree-util-attach-comments': [ '3.0.0' ],
55 silly audit   'estree-util-build-jsx': [ '3.0.1' ],
55 silly audit   'estree-util-is-identifier-name': [ '3.0.0' ],
55 silly audit   'estree-util-scope': [ '1.0.0' ],
55 silly audit   'estree-util-to-js': [ '2.0.0' ],
55 silly audit   'estree-util-visit': [ '2.0.0' ],
55 silly audit   eventemitter3: [ '5.0.4' ],
55 silly audit   extend: [ '3.0.2' ],
55 silly audit   'extend-shallow': [ '2.0.1' ],
55 silly audit   'fast-glob': [ '3.3.3' ],
55 silly audit   fastq: [ '1.20.1' ],
55 silly audit   fdir: [ '6.5.0' ],
55 silly audit   'fill-range': [ '7.1.1' ],
55 silly audit   'find-up': [ '4.1.0' ],
55 silly audit   'find-up-simple': [ '1.0.1' ],
55 silly audit   'find-yarn-workspace-root2': [ '1.2.16' ],
55 silly audit   flattie: [ '1.1.1' ],
55 silly audit   'fraction.js': [ '5.3.4' ],
55 silly audit   'framer-motion': [ '11.18.2' ],
55 silly audit   fsevents: [ '2.3.3' ],
55 silly audit   'function-bind': [ '1.1.2' ],
55 silly audit   gensync: [ '1.0.0-beta.2' ],
55 silly audit   'get-east-asian-width': [ '1.5.0' ],
55 silly audit   'github-slugger': [ '2.0.0' ],
55 silly audit   'glob-parent': [ '5.1.2', '6.0.2' ],
55 silly audit   'graceful-fs': [ '4.2.11' ],
55 silly audit   'gray-matter': [ '4.0.3' ],
55 silly audit   'js-yaml': [ '3.14.2', '4.1.1' ],
55 silly audit   hasown: [ '2.0.2' ],
55 silly audit   'hast-util-from-html': [ '2.0.3' ],
55 silly audit   'hast-util-from-parse5': [ '8.0.3' ],
55 silly audit   'hast-util-is-element': [ '3.0.0' ],
55 silly audit   'hast-util-parse-selector': [ '4.0.0' ],
55 silly audit   'hast-util-raw': [ '9.1.0' ],
55 silly audit   'hast-util-to-estree': [ '3.1.3' ],
55 silly audit   'hast-util-to-html': [ '9.0.5' ],
55 silly audit   'hast-util-to-jsx-runtime': [ '2.3.6' ],
55 silly audit   'hast-util-to-parse5': [ '8.0.1' ],
55 silly audit   'hast-util-to-text': [ '4.0.2' ],
55 silly audit   'hast-util-whitespace': [ '3.0.0' ],
55 silly audit   hastscript: [ '9.0.1' ],
55 silly audit   'html-escaper': [ '3.0.3' ],
55 silly audit   'html-void-elements': [ '3.0.0' ],
55 silly audit   'http-cache-semantics': [ '4.2.0' ],
55 silly audit   'import-meta-resolve': [ '4.2.0' ],
55 silly audit   'inline-style-parser': [ '0.2.7' ],
55 silly audit   'is-alphabetical': [ '2.0.1' ],
55 silly audit   'is-alphanumerical': [ '2.0.1' ],
55 silly audit   'is-arrayish': [ '0.3.4' ],
55 silly audit   'is-binary-path': [ '2.1.0' ],
55 silly audit   'is-core-module': [ '2.16.1' ],
55 silly audit   'is-decimal': [ '2.0.1' ],
55 silly audit   'is-docker': [ '3.0.0' ],
55 silly audit   'is-extendable': [ '0.1.1' ],
55 silly audit   'is-extglob': [ '2.1.1' ],
55 silly audit   'is-fullwidth-code-point': [ '3.0.0' ],
55 silly audit   'is-glob': [ '4.0.3' ],
55 silly audit   'is-hexadecimal': [ '2.0.1' ],
55 silly audit   'is-inside-container': [ '1.0.0' ],
55 silly audit   'is-interactive': [ '2.0.0' ],
55 silly audit   'is-number': [ '7.0.0' ],
55 silly audit   'is-plain-obj': [ '4.1.0' ],
55 silly audit   'is-unicode-supported': [ '2.1.0', '1.3.0' ],
55 silly audit   'is-wsl': [ '3.1.1' ],
55 silly audit   jiti: [ '1.21.7' ],
55 silly audit   'js-tokens': [ '4.0.0' ],
55 silly audit   jsesc: [ '3.1.0' ],
55 silly audit   json5: [ '2.2.3' ],
55 silly audit   'kind-of': [ '6.0.3' ],
55 silly audit   kleur: [ '4.1.5', '3.0.3' ],
55 silly audit   lilconfig: [ '3.1.3' ],
55 silly audit   'lines-and-columns': [ '1.2.4' ],
55 silly audit   'load-yaml-file': [ '0.2.0' ],
55 silly audit   pify: [ '4.0.1', '2.3.0' ],
55 silly audit   'locate-path': [ '5.0.0' ],
55 silly audit   'log-symbols': [ '6.0.0' ],
55 silly audit   'longest-streak': [ '3.1.0' ],
55 silly audit   'loose-envify': [ '1.4.0' ],
55 silly audit   'lru-cache': [ '5.1.1' ],
55 silly audit   'lucide-react': [ '0.363.0' ],
55 silly audit   'magic-string': [ '0.30.21' ],
55 silly audit   magicast: [ '0.3.5' ],
55 silly audit   'markdown-extensions': [ '2.0.0' ],
55 silly audit   'markdown-table': [ '3.0.4' ],
55 silly audit   'mdast-util-definitions': [ '6.0.0' ],
55 silly audit   'mdast-util-find-and-replace': [ '3.0.2' ],
55 silly audit   'mdast-util-from-markdown': [ '2.0.3' ],
55 silly audit   'mdast-util-gfm': [ '3.1.0' ],
55 silly audit   'mdast-util-gfm-autolink-literal': [ '2.0.1' ],
55 silly audit   'mdast-util-gfm-footnote': [ '2.1.0' ],
55 silly audit   'mdast-util-gfm-strikethrough': [ '2.0.0' ],
55 silly audit   'mdast-util-gfm-table': [ '2.0.0' ],
55 silly audit   'mdast-util-gfm-task-list-item': [ '2.0.0' ],
55 silly audit   'mdast-util-mdx': [ '3.0.0' ],
55 silly audit   'mdast-util-mdx-expression': [ '2.0.1' ],
55 silly audit   'mdast-util-mdx-jsx': [ '3.2.0' ],
55 silly audit   'mdast-util-mdxjs-esm': [ '2.0.1' ],
55 silly audit   'mdast-util-phrasing': [ '4.1.0' ],
55 silly audit   'mdast-util-to-hast': [ '13.2.1' ],
55 silly audit   'mdast-util-to-markdown': [ '2.1.2' ],
55 silly audit   'mdast-util-to-string': [ '4.0.0' ],
55 silly audit   merge2: [ '1.4.1' ],
55 silly audit   micromark: [ '4.0.2' ],
55 silly audit   'micromark-core-commonmark': [ '2.0.3' ],
55 silly audit   'micromark-extension-gfm': [ '3.0.0' ],
55 silly audit   'micromark-extension-gfm-autolink-literal': [ '2.1.0' ],
55 silly audit   'micromark-extension-gfm-footnote': [ '2.1.0' ],
55 silly audit   'micromark-extension-gfm-strikethrough': [ '2.1.0' ],
55 silly audit   'micromark-extension-gfm-table': [ '2.1.1' ],
55 silly audit   'micromark-extension-gfm-tagfilter': [ '2.0.0' ],
55 silly audit   'micromark-extension-gfm-task-list-item': [ '2.1.0' ],
55 silly audit   'micromark-extension-mdx-expression': [ '3.0.1' ],
55 silly audit   'micromark-extension-mdx-jsx': [ '3.0.2' ],
55 silly audit   'micromark-extension-mdx-md': [ '2.0.0' ],
55 silly audit   'micromark-extension-mdxjs': [ '3.0.0' ],
55 silly audit   'micromark-extension-mdxjs-esm': [ '3.0.0' ],
55 silly audit   'micromark-factory-destination': [ '2.0.1' ],
55 silly audit   'micromark-factory-label': [ '2.0.1' ],
55 silly audit   'micromark-factory-mdx-expression': [ '2.0.3' ],
55 silly audit   'micromark-factory-space': [ '2.0.1' ],
55 silly audit   'micromark-factory-title': [ '2.0.1' ],
55 silly audit   'micromark-factory-whitespace': [ '2.0.1' ],
55 silly audit   'micromark-util-character': [ '2.1.1' ],
55 silly audit   'micromark-util-chunked': [ '2.0.1' ],
55 silly audit   'micromark-util-classify-character': [ '2.0.1' ],
55 silly audit   'micromark-util-combine-extensions': [ '2.0.1' ],
55 silly audit   'micromark-util-decode-numeric-character-reference': [ '2.0.2' ],
55 silly audit   'micromark-util-decode-string': [ '2.0.1' ],
55 silly audit   'micromark-util-encode': [ '2.0.1' ],
55 silly audit   'micromark-util-events-to-acorn': [ '2.0.3' ],
55 silly audit   'micromark-util-html-tag-name': [ '2.0.1' ],
55 silly audit   'micromark-util-normalize-identifier': [ '2.0.1' ],
55 silly audit   'micromark-util-resolve-all': [ '2.0.1' ],
55 silly audit   'micromark-util-sanitize-uri': [ '2.0.1' ],
55 silly audit   'micromark-util-subtokenize': [ '2.1.0' ],
55 silly audit   'micromark-util-symbol': [ '2.0.1' ],
55 silly audit   'micromark-util-types': [ '2.0.2' ],
55 silly audit   micromatch: [ '4.0.8' ],
55 silly audit   'mimic-function': [ '5.0.1' ],
55 silly audit   'motion-dom': [ '11.18.1' ],
55 silly audit   'motion-utils': [ '11.18.1' ],
55 silly audit   mrmime: [ '2.0.1' ],
55 silly audit   ms: [ '2.1.3' ],
55 silly audit   mz: [ '2.7.0' ],
55 silly audit   nanoid: [ '3.3.11' ],
55 silly audit   neotraverse: [ '0.6.18' ],
55 silly audit   'nlcst-to-string': [ '4.0.0' ],
55 silly audit   'node-releases': [ '2.0.36' ],
55 silly audit   'normalize-path': [ '3.0.0' ],
55 silly audit   'object-assign': [ '4.1.1' ],
55 silly audit   'object-hash': [ '3.0.0' ],
55 silly audit   onetime: [ '7.0.0' ],
55 silly audit   'oniguruma-to-es': [ '2.3.0' ],
55 silly audit   ora: [ '8.2.0' ],
55 silly audit   'p-limit': [ '6.2.0', '2.3.0' ],
55 silly audit   'p-locate': [ '4.1.0' ],
55 silly audit   'p-queue': [ '8.1.1' ],
55 silly audit   'p-timeout': [ '6.1.4' ],
55 silly audit   'p-try': [ '2.2.0' ],
55 silly audit   'parse-entities': [ '4.0.2' ],
55 silly audit   'parse-latin': [ '7.0.0' ],
55 silly audit   parse5: [ '7.3.0' ],
55 silly audit   'path-exists': [ '4.0.0' ],
55 silly audit   'path-parse': [ '1.0.7' ],
55 silly audit   picocolors: [ '1.1.1' ],
55 silly audit   pirates: [ '4.0.7' ],
55 silly audit   'pkg-dir': [ '4.2.0' ],
55 silly audit   postcss: [ '8.5.8' ],
55 silly audit   'postcss-import': [ '15.1.0' ],
55 silly audit   'postcss-js': [ '4.1.0' ],
55 silly audit   'postcss-load-config': [ '4.0.2' ],
55 silly audit   'postcss-nested': [ '6.2.0' ],
55 silly audit   'postcss-selector-parser': [ '6.1.2', '6.0.10' ],
55 silly audit   'postcss-value-parser': [ '4.2.0' ],
55 silly audit   'preferred-pm': [ '4.1.1' ],
55 silly audit   prismjs: [ '1.30.0' ],
55 silly audit   prompts: [ '2.4.2' ],
55 silly audit   'property-information': [ '7.1.0' ],
55 silly audit   'queue-microtask': [ '1.2.3' ],
55 silly audit   react: [ '18.3.1' ],
55 silly audit   'react-dom': [ '18.3.1' ],
55 silly audit   'react-refresh': [ '0.17.0' ],
55 silly audit   'read-cache': [ '1.0.0' ],
55 silly audit   readdirp: [ '3.6.0' ],
55 silly audit   'recma-build-jsx': [ '1.0.0' ],
55 silly audit   'recma-jsx': [ '1.0.1' ],
55 silly audit   'recma-parse': [ '1.0.0' ],
55 silly audit   'recma-stringify': [ '1.0.0' ],
55 silly audit   regex: [ '5.1.1' ],
55 silly audit   'regex-recursion': [ '5.1.1' ],
55 silly audit   'regex-utilities': [ '2.3.0' ],
55 silly audit   rehype: [ '13.0.2' ],
55 silly audit   'rehype-parse': [ '9.0.1' ],
55 silly audit   'rehype-raw': [ '7.0.0' ],
55 silly audit   'rehype-recma': [ '1.0.0' ],
55 silly audit   'rehype-stringify': [ '10.0.1' ],
55 silly audit   'remark-gfm': [ '4.0.1' ],
55 silly audit   'remark-mdx': [ '3.1.1' ],
55 silly audit   'remark-parse': [ '11.0.0' ],
55 silly audit   'remark-rehype': [ '11.1.2' ],
55 silly audit   'remark-smartypants': [ '3.0.2' ],
55 silly audit   'remark-stringify': [ '11.0.0' ],
55 silly audit   resolve: [ '1.22.11' ],
55 silly audit   'restore-cursor': [ '5.1.0' ],
55 silly audit   retext: [ '9.0.0' ],
55 silly audit   'retext-latin': [ '4.0.0' ],
55 silly audit   'retext-smartypants': [ '6.2.0' ],
55 silly audit   'retext-stringify': [ '4.0.0' ],
55 silly audit   reusify: [ '1.1.0' ],
55 silly audit   rollup: [ '4.59.0' ],
55 silly audit   'run-parallel': [ '1.2.0' ],
55 silly audit   scheduler: [ '0.23.2' ],
55 silly audit   'section-matter': [ '1.0.0' ],
55 silly audit   sharp: [ '0.33.5' ],
55 silly audit   shiki: [ '1.29.2' ],
55 silly audit   'signal-exit': [ '4.1.0' ],
55 silly audit   'simple-swizzle': [ '0.2.4' ],
55 silly audit   sisteransi: [ '1.0.5' ],
55 silly audit   'source-map': [ '0.7.6' ],
55 silly audit   'source-map-js': [ '1.2.1' ],
55 silly audit   'space-separated-tokens': [ '2.0.2' ],
55 silly audit   'sprintf-js': [ '1.0.3' ],
55 silly audit   'stdin-discarder': [ '0.2.2' ],
55 silly audit   'stringify-entities': [ '4.0.4' ],
55 silly audit   'strip-bom': [ '3.0.0' ],
55 silly audit   'strip-bom-string': [ '1.0.0' ],
55 silly audit   'style-to-js': [ '1.1.21' ],
55 silly audit   'style-to-object': [ '1.0.14' ],
55 silly audit   sucrase: [ '3.35.1' ],
55 silly audit   'supports-preserve-symlinks-flag': [ '1.0.0' ],
55 silly audit   'tailwind-merge': [ '2.6.1' ],
55 silly audit   tailwindcss: [ '3.4.19' ],
55 silly audit   thenify: [ '3.3.1' ],
55 silly audit   'thenify-all': [ '1.6.0' ],
55 silly audit   tinyexec: [ '0.3.2' ],
55 silly audit   tinyglobby: [ '0.2.15' ],
55 silly audit   'to-regex-range': [ '5.0.1' ],
55 silly audit   'trim-lines': [ '3.0.1' ],
55 silly audit   trough: [ '2.2.0' ],
55 silly audit   'ts-interface-checker': [ '0.1.13' ],
55 silly audit   tsconfck: [ '3.1.6' ],
55 silly audit   tslib: [ '2.8.1' ],
55 silly audit   'type-fest': [ '4.41.0' ],
55 silly audit   ultrahtml: [ '1.6.0' ],
55 silly audit   unified: [ '11.0.5' ],
55 silly audit   'unist-util-find-after': [ '5.0.0' ],
55 silly audit   'unist-util-is': [ '6.0.1' ],
55 silly audit   'unist-util-modify-children': [ '4.0.0' ],
55 silly audit   'unist-util-position': [ '5.0.0' ],
55 silly audit   'unist-util-position-from-estree': [ '2.0.0' ],
55 silly audit   'unist-util-remove-position': [ '5.0.0' ],
55 silly audit   'unist-util-stringify-position': [ '4.0.0' ],
55 silly audit   'unist-util-visit': [ '5.1.0' ],
55 silly audit   'unist-util-visit-children': [ '3.0.0' ],
55 silly audit   'unist-util-visit-parents': [ '6.0.2' ],
55 silly audit   'update-browserslist-db': [ '1.2.3' ],
55 silly audit   'util-deprecate': [ '1.0.2' ],
55 silly audit   vfile: [ '6.0.3' ],
55 silly audit   'vfile-location': [ '5.0.3' ],
55 silly audit   'vfile-message': [ '4.0.3' ],
55 silly audit   vite: [ '5.4.21' ],
55 silly audit   vitefu: [ '1.1.2' ],
55 silly audit   'web-namespaces': [ '2.0.1' ],
55 silly audit   'which-pm': [ '3.0.1' ],
55 silly audit   'which-pm-runs': [ '1.1.0' ],
55 silly audit   'widest-line': [ '5.0.0' ],
55 silly audit   'wrap-ansi': [ '9.0.2' ],
55 silly audit   'xxhash-wasm': [ '1.1.0' ],
55 silly audit   yallist: [ '3.1.1' ],
55 silly audit   yaml: [ '2.8.2' ],
55 silly audit   'yargs-parser': [ '21.1.1' ],
55 silly audit   'yocto-queue': [ '1.2.2' ],
55 silly audit   zod: [ '3.25.76' ],
55 silly audit   'zod-to-json-schema': [ '3.25.1' ],
55 silly audit   'zod-to-ts': [ '1.2.0' ],
55 silly audit   zwitch: [ '2.0.4' ],
55 silly audit   '@tailwindcss/typography': [ '0.5.19' ],
55 silly audit   '@types/react': [ '18.3.28' ],
55 silly audit   '@types/react-dom': [ '18.3.7' ],
55 silly audit   '@types/prop-types': [ '15.7.15' ],
55 silly audit   csstype: [ '3.2.3' ],
55 silly audit   typescript: [ '5.9.3' ]
55 silly audit }
56 verbose reify failed optional dependency /Users/kanchana/Documents/cloudrace/cloudrace-astro/node_modules/fsevents
57 silly reify mark deleted [
57 silly reify   '/Users/kanchana/Documents/cloudrace/cloudrace-astro/node_modules/fsevents'
57 silly reify ]
58 verbose reify failed optional dependency /Users/kanchana/Documents/cloudrace/cloudrace-astro/node_modules/@rollup/rollup-win32-x64-msvc
59 silly reify mark deleted [
59 silly reify   '/Users/kanchana/Documents/cloudrace/cloudrace-astro/node_modules/@rollup/rollup-win32-x64-msvc'
59 silly reify ]
60 verbose reify failed optional dependency /Users/kanchana/Documents/cloudrace/cloudrace-astro/node_modules/@rollup/rollup-win32-x64-gnu
61 silly reify mark deleted [
61 silly reify   '/Users/kanchana/Documents/cloudrace/cloudrace-astro/node_modules/@rollup/rollup-win32-x64-gnu'
61 silly reify ]
62 verbose reify failed optional dependency /Users/kanchana/Documents/cloudrace/cloudrace-astro/node_modules/@rollup/rollup-win32-ia32-msvc
63 silly reify mark deleted [
63 silly reify   '/Users/kanchana/Documents/cloudrace/cloudrace-astro/node_modules/@rollup/rollup-win32-ia32-msvc'
63 silly reify ]
64 verbose reify failed optional dependency /Users/kanchana/Documents/cloudrace/cloudrace-astro/node_modules/@rollup/rollup-win32-arm64-msvc
65 silly reify mark deleted [
65 silly reify   '/Users/kanchana/Documents/cloudrace/cloudrace-astro/node_modules/@rollup/rollup-win32-arm64-msvc'
65 silly reify ]
66 verbose reify failed optional dependency /Users/kanchana/Documents/cloudrace/cloudrace-astro/node_modules/@rollup/rollup-openharmony-arm64
67 silly reify mark deleted [
67 silly reify   '/Users/kanchana/Documents/cloudrace/cloudrace-astro/node_modules/@rollup/rollup-openharmony-arm64'
67 silly reify ]
68 verbose reify failed optional dependency /Users/kanchana/Documents/cloudrace/cloudrace-astro/node_modules/@rollup/rollup-openbsd-x64
69 silly reify mark deleted [
69 silly reify   '/Users/kanchana/Documents/cloudrace/cloudrace-astro/node_modules/@rollup/rollup-openbsd-x64'
69 silly reify ]
70 verbose reify failed optional dependency /Users/kanchana/Documents/cloudrace/cloudrace-astro/node_modules/@rollup/rollup-linux-x64-musl
71 silly reify mark deleted [
71 silly reify   '/Users/kanchana/Documents/cloudrace/cloudrace-astro/node_modules/@rollup/rollup-linux-x64-musl'
71 silly reify ]
72 verbose reify failed optional dependency /Users/kanchana/Documents/cloudrace/cloudrace-astro/node_modules/@rollup/rollup-linux-x64-gnu
73 silly reify mark deleted [
73 silly reify   '/Users/kanchana/Documents/cloudrace/cloudrace-astro/node_modules/@rollup/rollup-linux-x64-gnu'
73 silly reify ]
74 verbose reify failed optional dependency /Users/kanchana/Documents/cloudrace/cloudrace-astro/node_modules/@rollup/rollup-linux-s390x-gnu
75 silly reify mark deleted [
75 silly reify   '/Users/kanchana/Documents/cloudrace/cloudrace-astro/node_modules/@rollup/rollup-linux-s390x-gnu'
75 silly reify ]
76 verbose reify failed optional dependency /Users/kanchana/Documents/cloudrace/cloudrace-astro/node_modules/@rollup/rollup-linux-riscv64-musl
77 silly reify mark deleted [
77 silly reify   '/Users/kanchana/Documents/cloudrace/cloudrace-astro/node_modules/@rollup/rollup-linux-riscv64-musl'
77 silly reify ]
78 verbose reify failed optional dependency /Users/kanchana/Documents/cloudrace/cloudrace-astro/node_modules/@rollup/rollup-linux-riscv64-gnu
79 silly reify mark deleted [
79 silly reify   '/Users/kanchana/Documents/cloudrace/cloudrace-astro/node_modules/@rollup/rollup-linux-riscv64-gnu'
79 silly reify ]
80 verbose reify failed optional dependency /Users/kanchana/Documents/cloudrace/cloudrace-astro/node_modules/@rollup/rollup-linux-ppc64-musl
81 silly reify mark deleted [
81 silly reify   '/Users/kanchana/Documents/cloudrace/cloudrace-astro/node_modules/@rollup/rollup-linux-ppc64-musl'
81 silly reify ]
82 verbose reify failed optional dependency /Users/kanchana/Documents/cloudrace/cloudrace-astro/node_modules/@rollup/rollup-linux-ppc64-gnu
83 silly reify mark deleted [
83 silly reify   '/Users/kanchana/Documents/cloudrace/cloudrace-astro/node_modules/@rollup/rollup-linux-ppc64-gnu'
83 silly reify ]
84 verbose reify failed optional dependency /Users/kanchana/Documents/cloudrace/cloudrace-astro/node_modules/@rollup/rollup-linux-loong64-musl
85 silly reify mark deleted [
85 silly reify   '/Users/kanchana/Documents/cloudrace/cloudrace-astro/node_modules/@rollup/rollup-linux-loong64-musl'
85 silly reify ]
86 verbose reify failed optional dependency /Users/kanchana/Documents/cloudrace/cloudrace-astro/node_modules/@rollup/rollup-linux-loong64-gnu
87 silly reify mark deleted [
87 silly reify   '/Users/kanchana/Documents/cloudrace/cloudrace-astro/node_modules/@rollup/rollup-linux-loong64-gnu'
87 silly reify ]
88 verbose reify failed optional dependency /Users/kanchana/Documents/cloudrace/cloudrace-astro/node_modules/@rollup/rollup-linux-arm-musleabihf
89 silly reify mark deleted [
89 silly reify   '/Users/kanchana/Documents/cloudrace/cloudrace-astro/node_modules/@rollup/rollup-linux-arm-musleabihf'
89 silly reify ]
90 verbose reify failed optional dependency /Users/kanchana/Documents/cloudrace/cloudrace-astro/node_modules/@rollup/rollup-linux-arm-gnueabihf
91 silly reify mark deleted [
91 silly reify   '/Users/kanchana/Documents/cloudrace/cloudrace-astro/node_modules/@rollup/rollup-linux-arm-gnueabihf'
91 silly reify ]
92 verbose reify failed optional dependency /Users/kanchana/Documents/cloudrace/cloudrace-astro/node_modules/@rollup/rollup-freebsd-x64
93 silly reify mark deleted [
93 silly reify   '/Users/kanchana/Documents/cloudrace/cloudrace-astro/node_modules/@rollup/rollup-freebsd-x64'
93 silly reify ]
94 verbose reify failed optional dependency /Users/kanchana/Documents/cloudrace/cloudrace-astro/node_modules/@rollup/rollup-freebsd-arm64
95 silly reify mark deleted [
95 silly reify   '/Users/kanchana/Documents/cloudrace/cloudrace-astro/node_modules/@rollup/rollup-freebsd-arm64'
95 silly reify ]
96 verbose reify failed optional dependency /Users/kanchana/Documents/cloudrace/cloudrace-astro/node_modules/@rollup/rollup-darwin-x64
97 silly reify mark deleted [
97 silly reify   '/Users/kanchana/Documents/cloudrace/cloudrace-astro/node_modules/@rollup/rollup-darwin-x64'
97 silly reify ]
98 verbose reify failed optional dependency /Users/kanchana/Documents/cloudrace/cloudrace-astro/node_modules/@rollup/rollup-android-arm64
99 silly reify mark deleted [
99 silly reify   '/Users/kanchana/Documents/cloudrace/cloudrace-astro/node_modules/@rollup/rollup-android-arm64'
99 silly reify ]
100 verbose reify failed optional dependency /Users/kanchana/Documents/cloudrace/cloudrace-astro/node_modules/@rollup/rollup-android-arm-eabi
101 silly reify mark deleted [
101 silly reify   '/Users/kanchana/Documents/cloudrace/cloudrace-astro/node_modules/@rollup/rollup-android-arm-eabi'
101 silly reify ]
102 verbose reify failed optional dependency /Users/kanchana/Documents/cloudrace/cloudrace-astro/node_modules/@img/sharp-win32-x64
103 silly reify mark deleted [
103 silly reify   '/Users/kanchana/Documents/cloudrace/cloudrace-astro/node_modules/@img/sharp-win32-x64'
103 silly reify ]
104 verbose reify failed optional dependency /Users/kanchana/Documents/cloudrace/cloudrace-astro/node_modules/@img/sharp-win32-ia32
105 silly reify mark deleted [
105 silly reify   '/Users/kanchana/Documents/cloudrace/cloudrace-astro/node_modules/@img/sharp-win32-ia32'
105 silly reify ]
106 verbose reify failed optional dependency /Users/kanchana/Documents/cloudrace/cloudrace-astro/node_modules/@img/sharp-wasm32
107 silly reify mark deleted [
107 silly reify   '/Users/kanchana/Documents/cloudrace/cloudrace-astro/node_modules/@img/sharp-wasm32'
107 silly reify ]
108 verbose reify failed optional dependency /Users/kanchana/Documents/cloudrace/cloudrace-astro/node_modules/@emnapi/runtime
109 silly reify mark deleted [
109 silly reify   '/Users/kanchana/Documents/cloudrace/cloudrace-astro/node_modules/@emnapi/runtime'
109 silly reify ]
110 verbose reify failed optional dependency /Users/kanchana/Documents/cloudrace/cloudrace-astro/node_modules/@img/sharp-linuxmusl-x64
111 silly reify mark deleted [
111 silly reify   '/Users/kanchana/Documents/cloudrace/cloudrace-astro/node_modules/@img/sharp-linuxmusl-x64'
111 silly reify ]
112 verbose reify failed optional dependency /Users/kanchana/Documents/cloudrace/cloudrace-astro/node_modules/@img/sharp-linux-x64
113 silly reify mark deleted [
113 silly reify   '/Users/kanchana/Documents/cloudrace/cloudrace-astro/node_modules/@img/sharp-linux-x64'
113 silly reify ]
114 verbose reify failed optional dependency /Users/kanchana/Documents/cloudrace/cloudrace-astro/node_modules/@img/sharp-linux-s390x
115 silly reify mark deleted [
115 silly reify   '/Users/kanchana/Documents/cloudrace/cloudrace-astro/node_modules/@img/sharp-linux-s390x'
115 silly reify ]
116 verbose reify failed optional dependency /Users/kanchana/Documents/cloudrace/cloudrace-astro/node_modules/@img/sharp-linux-arm
117 silly reify mark deleted [
117 silly reify   '/Users/kanchana/Documents/cloudrace/cloudrace-astro/node_modules/@img/sharp-linux-arm'
117 silly reify ]
118 verbose reify failed optional dependency /Users/kanchana/Documents/cloudrace/cloudrace-astro/node_modules/@img/sharp-libvips-linuxmusl-x64
119 silly reify mark deleted [
119 silly reify   '/Users/kanchana/Documents/cloudrace/cloudrace-astro/node_modules/@img/sharp-libvips-linuxmusl-x64'
119 silly reify ]
120 verbose reify failed optional dependency /Users/kanchana/Documents/cloudrace/cloudrace-astro/node_modules/@img/sharp-libvips-linux-x64
121 silly reify mark deleted [
121 silly reify   '/Users/kanchana/Documents/cloudrace/cloudrace-astro/node_modules/@img/sharp-libvips-linux-x64'
121 silly reify ]
122 verbose reify failed optional dependency /Users/kanchana/Documents/cloudrace/cloudrace-astro/node_modules/@img/sharp-libvips-linux-s390x
123 silly reify mark deleted [
123 silly reify   '/Users/kanchana/Documents/cloudrace/cloudrace-astro/node_modules/@img/sharp-libvips-linux-s390x'
123 silly reify ]
124 verbose reify failed optional dependency /Users/kanchana/Documents/cloudrace/cloudrace-astro/node_modules/@img/sharp-libvips-linux-arm
125 silly reify mark deleted [
125 silly reify   '/Users/kanchana/Documents/cloudrace/cloudrace-astro/node_modules/@img/sharp-libvips-linux-arm'
125 silly reify ]
126 verbose reify failed optional dependency /Users/kanchana/Documents/cloudrace/cloudrace-astro/node_modules/@img/sharp-libvips-darwin-x64
127 silly reify mark deleted [
127 silly reify   '/Users/kanchana/Documents/cloudrace/cloudrace-astro/node_modules/@img/sharp-libvips-darwin-x64'
127 silly reify ]
128 verbose reify failed optional dependency /Users/kanchana/Documents/cloudrace/cloudrace-astro/node_modules/@img/sharp-libvips-darwin-arm64
129 silly reify mark deleted [
129 silly reify   '/Users/kanchana/Documents/cloudrace/cloudrace-astro/node_modules/@img/sharp-libvips-darwin-arm64'
129 silly reify ]
130 verbose reify failed optional dependency /Users/kanchana/Documents/cloudrace/cloudrace-astro/node_modules/@img/sharp-darwin-x64
131 silly reify mark deleted [
131 silly reify   '/Users/kanchana/Documents/cloudrace/cloudrace-astro/node_modules/@img/sharp-darwin-x64'
131 silly reify ]
132 verbose reify failed optional dependency /Users/kanchana/Documents/cloudrace/cloudrace-astro/node_modules/@img/sharp-darwin-arm64
133 silly reify mark deleted [
133 silly reify   '/Users/kanchana/Documents/cloudrace/cloudrace-astro/node_modules/@img/sharp-darwin-arm64'
133 silly reify ]
134 verbose reify failed optional dependency /Users/kanchana/Documents/cloudrace/cloudrace-astro/node_modules/@esbuild/win32-x64
135 silly reify mark deleted [
135 silly reify   '/Users/kanchana/Documents/cloudrace/cloudrace-astro/node_modules/@esbuild/win32-x64'
135 silly reify ]
136 verbose reify failed optional dependency /Users/kanchana/Documents/cloudrace/cloudrace-astro/node_modules/@esbuild/win32-ia32
137 silly reify mark deleted [
137 silly reify   '/Users/kanchana/Documents/cloudrace/cloudrace-astro/node_modules/@esbuild/win32-ia32'
137 silly reify ]
138 verbose reify failed optional dependency /Users/kanchana/Documents/cloudrace/cloudrace-astro/node_modules/@esbuild/win32-arm64
139 silly reify mark deleted [
139 silly reify   '/Users/kanchana/Documents/cloudrace/cloudrace-astro/node_modules/@esbuild/win32-arm64'
139 silly reify ]
140 verbose reify failed optional dependency /Users/kanchana/Documents/cloudrace/cloudrace-astro/node_modules/@esbuild/sunos-x64
141 silly reify mark deleted [
141 silly reify   '/Users/kanchana/Documents/cloudrace/cloudrace-astro/node_modules/@esbuild/sunos-x64'
141 silly reify ]
142 verbose reify failed optional dependency /Users/kanchana/Documents/cloudrace/cloudrace-astro/node_modules/@esbuild/openbsd-x64
143 silly reify mark deleted [
143 silly reify   '/Users/kanchana/Documents/cloudrace/cloudrace-astro/node_modules/@esbuild/openbsd-x64'
143 silly reify ]
144 verbose reify failed optional dependency /Users/kanchana/Documents/cloudrace/cloudrace-astro/node_modules/@esbuild/netbsd-x64
145 silly reify mark deleted [
145 silly reify   '/Users/kanchana/Documents/cloudrace/cloudrace-astro/node_modules/@esbuild/netbsd-x64'
145 silly reify ]
146 verbose reify failed optional dependency /Users/kanchana/Documents/cloudrace/cloudrace-astro/node_modules/@esbuild/linux-x64
147 silly reify mark deleted [
147 silly reify   '/Users/kanchana/Documents/cloudrace/cloudrace-astro/node_modules/@esbuild/linux-x64'
147 silly reify ]
148 verbose reify failed optional dependency /Users/kanchana/Documents/cloudrace/cloudrace-astro/node_modules/@esbuild/linux-s390x
149 silly reify mark deleted [
149 silly reify   '/Users/kanchana/Documents/cloudrace/cloudrace-astro/node_modules/@esbuild/linux-s390x'
149 silly reify ]
150 verbose reify failed optional dependency /Users/kanchana/Documents/cloudrace/cloudrace-astro/node_modules/@esbuild/linux-riscv64
151 silly reify mark deleted [
151 silly reify   '/Users/kanchana/Documents/cloudrace/cloudrace-astro/node_modules/@esbuild/linux-riscv64'
151 silly reify ]
152 verbose reify failed optional dependency /Users/kanchana/Documents/cloudrace/cloudrace-astro/node_modules/@esbuild/linux-ppc64
153 silly reify mark deleted [
153 silly reify   '/Users/kanchana/Documents/cloudrace/cloudrace-astro/node_modules/@esbuild/linux-ppc64'
153 silly reify ]
154 verbose reify failed optional dependency /Users/kanchana/Documents/cloudrace/cloudrace-astro/node_modules/@esbuild/linux-mips64el
155 silly reify mark deleted [
155 silly reify   '/Users/kanchana/Documents/cloudrace/cloudrace-astro/node_modules/@esbuild/linux-mips64el'
155 silly reify ]
156 verbose reify failed optional dependency /Users/kanchana/Documents/cloudrace/cloudrace-astro/node_modules/@esbuild/linux-loong64
157 silly reify mark deleted [
157 silly reify   '/Users/kanchana/Documents/cloudrace/cloudrace-astro/node_modules/@esbuild/linux-loong64'
157 silly reify ]
158 verbose reify failed optional dependency /Users/kanchana/Documents/cloudrace/cloudrace-astro/node_modules/@esbuild/linux-ia32
159 silly reify mark deleted [
159 silly reify   '/Users/kanchana/Documents/cloudrace/cloudrace-astro/node_modules/@esbuild/linux-ia32'
159 silly reify ]
160 verbose reify failed optional dependency /Users/kanchana/Documents/cloudrace/cloudrace-astro/node_modules/@esbuild/linux-arm
161 silly reify mark deleted [
161 silly reify   '/Users/kanchana/Documents/cloudrace/cloudrace-astro/node_modules/@esbuild/linux-arm'
161 silly reify ]
162 verbose reify failed optional dependency /Users/kanchana/Documents/cloudrace/cloudrace-astro/node_modules/@esbuild/freebsd-x64
163 silly reify mark deleted [
163 silly reify   '/Users/kanchana/Documents/cloudrace/cloudrace-astro/node_modules/@esbuild/freebsd-x64'
163 silly reify ]
164 verbose reify failed optional dependency /Users/kanchana/Documents/cloudrace/cloudrace-astro/node_modules/@esbuild/freebsd-arm64
165 silly reify mark deleted [
165 silly reify   '/Users/kanchana/Documents/cloudrace/cloudrace-astro/node_modules/@esbuild/freebsd-arm64'
165 silly reify ]
166 verbose reify failed optional dependency /Users/kanchana/Documents/cloudrace/cloudrace-astro/node_modules/@esbuild/darwin-x64
167 silly reify mark deleted [
167 silly reify   '/Users/kanchana/Documents/cloudrace/cloudrace-astro/node_modules/@esbuild/darwin-x64'
167 silly reify ]
168 verbose reify failed optional dependency /Users/kanchana/Documents/cloudrace/cloudrace-astro/node_modules/@esbuild/darwin-arm64
169 silly reify mark deleted [
169 silly reify   '/Users/kanchana/Documents/cloudrace/cloudrace-astro/node_modules/@esbuild/darwin-arm64'
169 silly reify ]
170 verbose reify failed optional dependency /Users/kanchana/Documents/cloudrace/cloudrace-astro/node_modules/@esbuild/android-x64
171 silly reify mark deleted [
171 silly reify   '/Users/kanchana/Documents/cloudrace/cloudrace-astro/node_modules/@esbuild/android-x64'
171 silly reify ]
172 verbose reify failed optional dependency /Users/kanchana/Documents/cloudrace/cloudrace-astro/node_modules/@esbuild/android-arm64
173 silly reify mark deleted [
173 silly reify   '/Users/kanchana/Documents/cloudrace/cloudrace-astro/node_modules/@esbuild/android-arm64'
173 silly reify ]
174 verbose reify failed optional dependency /Users/kanchana/Documents/cloudrace/cloudrace-astro/node_modules/@esbuild/android-arm
175 silly reify mark deleted [
175 silly reify   '/Users/kanchana/Documents/cloudrace/cloudrace-astro/node_modules/@esbuild/android-arm'
175 silly reify ]
176 verbose reify failed optional dependency /Users/kanchana/Documents/cloudrace/cloudrace-astro/node_modules/@esbuild/aix-ppc64
177 silly reify mark deleted [
177 silly reify   '/Users/kanchana/Documents/cloudrace/cloudrace-astro/node_modules/@esbuild/aix-ppc64'
177 silly reify ]
178 http cache typescript@https://registry.npmjs.org/typescript/-/typescript-5.9.3.tgz 0ms (cache hit)
179 http cache @types/prop-types@https://registry.npmjs.org/@types/prop-types/-/prop-types-15.7.15.tgz 0ms (cache hit)
180 http cache csstype@https://registry.npmjs.org/csstype/-/csstype-3.2.3.tgz 0ms (cache hit)
181 http cache @types/react-dom@https://registry.npmjs.org/@types/react-dom/-/react-dom-18.3.7.tgz 0ms (cache hit)
182 http cache @types/react@https://registry.npmjs.org/@types/react/-/react-18.3.28.tgz 0ms (cache hit)
183 http cache @emnapi/runtime@https://registry.npmjs.org/@emnapi/runtime/-/runtime-1.8.1.tgz 0ms (cache hit)
184 http cache @tailwindcss/typography@https://registry.npmjs.org/@tailwindcss/typography/-/typography-0.5.19.tgz 0ms (cache hit)
185 http cache postcss-selector-parser@https://registry.npmjs.org/postcss-selector-parser/-/postcss-selector-parser-6.0.10.tgz 0ms (cache hit)
186 silly tarball no local data for typescript@https://registry.npmjs.org/typescript/-/typescript-5.9.3.tgz. Extracting by manifest.
187 silly tarball no local data for @types/react@https://registry.npmjs.org/@types/react/-/react-18.3.28.tgz. Extracting by manifest.
188 silly tarball no local data for csstype@https://registry.npmjs.org/csstype/-/csstype-3.2.3.tgz. Extracting by manifest.
189 silly tarball no local data for @types/prop-types@https://registry.npmjs.org/@types/prop-types/-/prop-types-15.7.15.tgz. Extracting by manifest.
190 silly tarball no local data for @types/react-dom@https://registry.npmjs.org/@types/react-dom/-/react-dom-18.3.7.tgz. Extracting by manifest.
191 silly tarball no local data for @tailwindcss/typography@https://registry.npmjs.org/@tailwindcss/typography/-/typography-0.5.19.tgz. Extracting by manifest.
192 silly tarball no local data for postcss-selector-parser@https://registry.npmjs.org/postcss-selector-parser/-/postcss-selector-parser-6.0.10.tgz. Extracting by manifest.
193 http fetch POST 200 https://registry.npmjs.org/-/npm/v1/security/advisories/bulk 148ms
194 silly audit report {
194 silly audit report   astro: [
194 silly audit report     {
194 silly audit report       id: 1111026,
194 silly audit report       url: 'https://github.com/advisories/GHSA-fvmw-cj7j-j39q',
194 silly audit report       title: 'Astro Cloudflare adapter has Stored Cross-site Scripting vulnerability in /_image endpoint',
194 silly audit report       severity: 'moderate',
194 silly audit report       vulnerable_versions: '<5.15.9',
194 silly audit report       cwe: [Array],
194 silly audit report       cvss: [Object]
194 silly audit report     },
194 silly audit report     {
194 silly audit report       id: 1111027,
194 silly audit report       url: 'https://github.com/advisories/GHSA-ggxq-hp9w-j794',
194 silly audit report       title: "Astro's middleware authentication checks based on url.pathname can be bypassed via url encoded values",
194 silly audit report       severity: 'moderate',
194 silly audit report       vulnerable_versions: '<5.15.8',
194 silly audit report       cwe: [Array],
194 silly audit report       cvss: [Object]
194 silly audit report     },
194 silly audit report     {
194 silly audit report       id: 1111294,
194 silly audit report       url: 'https://github.com/advisories/GHSA-whqg-ppgf-wp8c',
194 silly audit report       title: 'Astro has an Authentication Bypass via Double URL Encoding, a bypass for CVE-2025-64765',
194 silly audit report       severity: 'moderate',
194 silly audit report       vulnerable_versions: '<5.15.8',
194 silly audit report       cwe: [Array],
194 silly audit report       cvss: [Object]
194 silly audit report     },
194 silly audit report     {
194 silly audit report       id: 1108906,
194 silly audit report       url: 'https://github.com/advisories/GHSA-5ff5-9fcw-vg88',
194 silly audit report       title: "Astro's `X-Forwarded-Host` is reflected without validation",
194 silly audit report       severity: 'moderate',
194 silly audit report       vulnerable_versions: '<5.14.3',
194 silly audit report       cwe: [Array],
194 silly audit report       cvss: [Object]
194 silly audit report     },
194 silly audit report     {
194 silly audit report       id: 1109738,
194 silly audit report       url: 'https://github.com/advisories/GHSA-hr2q-hp5q-x767',
194 silly audit report       title: 'Astro vulnerable to URL manipulation via headers, leading to middleware and CVE-2025-61925 bypass',
194 silly audit report       severity: 'moderate',
194 silly audit report       vulnerable_versions: '>=2.16.0 <5.15.5',
194 silly audit report       cwe: [Array],
194 silly audit report       cvss: [Object]
194 silly audit report     },
194 silly audit report     {
194 silly audit report       id: 1109850,
194 silly audit report       url: 'https://github.com/advisories/GHSA-wrwg-2hg8-v723',
194 silly audit report       title: 'Astro vulnerable to reflected XSS via the server islands feature',
194 silly audit report       severity: 'high',
194 silly audit report       vulnerable_versions: '<=5.15.6',
194 silly audit report       cwe: [Array],
194 silly audit report       cvss: [Object]
194 silly audit report     },
194 silly audit report     {
194 silly audit report       id: 1109851,
194 silly audit report       url: 'https://github.com/advisories/GHSA-x3h8-62x9-952g',
194 silly audit report       title: 'Astro Development Server has Arbitrary Local File Read',
194 silly audit report       severity: 'low',
194 silly audit report       vulnerable_versions: '<5.14.3',
194 silly audit report       cwe: [Array],
194 silly audit report       cvss: [Object]
194 silly audit report     }
194 silly audit report   ],
194 silly audit report   esbuild: [
194 silly audit report     {
194 silly audit report       id: 1102341,
194 silly audit report       url: 'https://github.com/advisories/GHSA-67mh-4wv8-2f99',
194 silly audit report       title: 'esbuild enables any website to send any requests to the development server and read the response',
194 silly audit report       severity: 'moderate',
194 silly audit report       vulnerable_versions: '<=0.24.2',
194 silly audit report       cwe: [Array],
194 silly audit report       cvss: [Object]
194 silly audit report     }
194 silly audit report   ]
194 silly audit report }
195 silly packumentCache corgi:https://registry.npmjs.org/astro cache-miss
196 silly packumentCache corgi:https://registry.npmjs.org/esbuild cache-miss
197 http cache https://registry.npmjs.org/astro 13ms (cache hit)
198 silly packumentCache corgi:https://registry.npmjs.org/astro set size:4283794 disposed:false
199 http cache https://registry.npmjs.org/esbuild 62ms (cache hit)
200 silly packumentCache corgi:https://registry.npmjs.org/esbuild set size:879341 disposed:false
201 silly packumentCache corgi:https://registry.npmjs.org/@astrojs%2fmdx cache-miss
202 silly packumentCache corgi:https://registry.npmjs.org/@astrojs%2ftailwind cache-miss
203 http fetch GET 200 https://registry.npmjs.org/@types/prop-types/-/prop-types-15.7.15.tgz 244ms (cache miss)
204 http fetch GET 200 https://registry.npmjs.org/csstype/-/csstype-3.2.3.tgz 246ms (cache miss)
205 http fetch GET 200 https://registry.npmjs.org/@types/react-dom/-/react-dom-18.3.7.tgz 287ms (cache miss)
206 http fetch GET 200 https://registry.npmjs.org/postcss-selector-parser/-/postcss-selector-parser-6.0.10.tgz 292ms (cache miss)
207 http fetch GET 200 https://registry.npmjs.org/@types/react/-/react-18.3.28.tgz 370ms (cache miss)
208 http fetch GET 200 https://registry.npmjs.org/@tailwindcss/typography/-/typography-0.5.19.tgz 444ms (cache miss)
209 http fetch GET 200 https://registry.npmjs.org/@astrojs%2ftailwind 318ms (cache miss)
210 silly packumentCache corgi:https://registry.npmjs.org/@astrojs%2ftailwind set size:undefined disposed:false
211 http fetch GET 200 https://registry.npmjs.org/@astrojs%2fmdx 681ms (cache miss)
212 silly packumentCache corgi:https://registry.npmjs.org/@astrojs%2fmdx set size:undefined disposed:false
213 silly packumentCache corgi:https://registry.npmjs.org/vite cache-miss
214 http cache https://registry.npmjs.org/vite 10ms (cache hit)
215 silly packumentCache corgi:https://registry.npmjs.org/vite set size:2190484 disposed:false
216 silly packumentCache corgi:https://registry.npmjs.org/@astrojs%2freact cache-miss
217 silly packumentCache corgi:https://registry.npmjs.org/@vitejs%2fplugin-react cache-miss
218 silly packumentCache corgi:https://registry.npmjs.org/vitefu cache-miss
219 http cache https://registry.npmjs.org/@astrojs%2freact 10ms (cache hit)
220 silly packumentCache corgi:https://registry.npmjs.org/@astrojs%2freact set size:206197 disposed:false
221 http fetch GET 200 https://registry.npmjs.org/@vitejs%2fplugin-react 90ms (cache miss)
222 silly packumentCache corgi:https://registry.npmjs.org/@vitejs%2fplugin-react set size:undefined disposed:false
223 http fetch GET 200 https://registry.npmjs.org/vitefu 187ms (cache miss)
224 silly packumentCache corgi:https://registry.npmjs.org/vitefu set size:undefined disposed:false
225 http fetch GET 200 https://registry.npmjs.org/typescript/-/typescript-5.9.3.tgz 1323ms (cache miss)
226 silly ADD node_modules/typescript
227 silly ADD node_modules/csstype
228 silly ADD node_modules/@types/prop-types
229 silly ADD node_modules/@types/react-dom
230 silly ADD node_modules/@types/react
231 silly ADD node_modules/@tailwindcss/typography
232 silly ADD node_modules/@tailwindcss/typography/node_modules/postcss-selector-parser
233 silly ADD
234 silly ADD
235 silly ADD
236 silly ADD
237 silly ADD
238 silly ADD
239 silly ADD
240 silly ADD
241 silly ADD
242 silly ADD
243 silly ADD
244 silly ADD
245 silly ADD
246 silly ADD
247 silly ADD
248 silly ADD
249 silly ADD
250 silly ADD
251 silly ADD
252 silly ADD
253 silly ADD
254 silly ADD
255 silly ADD
256 silly ADD
257 silly ADD
258 silly ADD
259 silly ADD
260 silly ADD
261 silly ADD
262 silly ADD
263 silly ADD
264 silly ADD
265 silly ADD
266 silly ADD
267 silly ADD
268 silly ADD
269 silly ADD
270 silly ADD
271 silly ADD
272 silly ADD
273 silly ADD
274 silly ADD
275 silly ADD
276 silly ADD
277 silly ADD
278 silly ADD
279 silly ADD
280 silly ADD
281 silly ADD
282 silly ADD
283 silly ADD
284 silly ADD
285 silly ADD
286 silly ADD
287 silly ADD
288 silly ADD
289 silly ADD
290 silly ADD
291 silly ADD
292 silly ADD
293 silly ADD
294 verbose cwd /Users/kanchana/Documents/cloudrace/cloudrace-astro
295 verbose os Darwin 25.3.0
296 verbose node v22.20.0
297 verbose npm  v10.9.3
298 verbose exit 0
299 info ok
