0 verbose cli /usr/local/bin/node /usr/local/bin/npm
1 info using npm@10.9.3
2 info using node@v22.20.0
3 silly config load:file:/usr/local/lib/node_modules/npm/npmrc
4 silly config load:file:/Users/kanchana/Documents/cloudrace/cloudrace-astro/.npmrc
5 silly config load:file:/Users/kanchana/.npmrc
6 silly config load:file:/usr/local/etc/npmrc
7 verbose title npm install @rollup/rollup-darwin-arm64
8 verbose argv "install" "@rollup/rollup-darwin-arm64" "--legacy-peer-deps" "--cache" ".npm_cache"
9 verbose logfile logs-max:10 dir:/Users/kanchana/Documents/cloudrace/cloudrace-astro/.npm_cache/_logs/2026-03-05T03_22_57_404Z-
10 verbose logfile /Users/kanchana/Documents/cloudrace/cloudrace-astro/.npm_cache/_logs/2026-03-05T03_22_57_404Z-debug-0.log
11 silly logfile done cleaning log files
12 silly packumentCache heap:4345298944 maxSize:1086324736 maxEntrySize:543162368
13 silly idealTree buildDeps
14 silly fetch manifest @rollup/rollup-darwin-arm64@*
15 silly packumentCache full:https://registry.npmjs.org/@rollup%2frollup-darwin-arm64 cache-miss
16 http cache https://registry.npmjs.org/@rollup%2frollup-darwin-arm64 45ms (cache hit)
17 silly packumentCache full:https://registry.npmjs.org/@rollup%2frollup-darwin-arm64 set size:326593 disposed:false
18 silly placeDep ROOT @rollup/rollup-darwin-arm64@4.59.0 REPLACE for: cloudrace-astro@1.0.0 want: *
19 silly reify moves {}
20 silly audit bulk request {
20 silly audit   '@alloc/quick-lru': [ '5.2.0' ],
20 silly audit   '@astrojs/compiler': [ '2.13.1' ],
20 silly audit   '@astrojs/internal-helpers': [ '0.4.1' ],
20 silly audit   '@astrojs/markdown-remark': [ '5.3.0' ],
20 silly audit   '@astrojs/mdx': [ '3.1.9' ],
20 silly audit   '@astrojs/prism': [ '3.1.0' ],
20 silly audit   '@astrojs/react': [ '3.6.3' ],
20 silly audit   '@astrojs/tailwind': [ '5.1.5' ],
20 silly audit   '@astrojs/telemetry': [ '3.1.0' ],
20 silly audit   '@babel/code-frame': [ '7.29.0' ],
20 silly audit   '@babel/compat-data': [ '7.29.0' ],
20 silly audit   '@babel/core': [ '7.29.0' ],
20 silly audit   '@babel/generator': [ '7.29.1' ],
20 silly audit   '@babel/helper-annotate-as-pure': [ '7.27.3' ],
20 silly audit   '@babel/helper-compilation-targets': [ '7.28.6' ],
20 silly audit   '@babel/helper-globals': [ '7.28.0' ],
20 silly audit   '@babel/helper-module-imports': [ '7.28.6' ],
20 silly audit   '@babel/helper-module-transforms': [ '7.28.6' ],
20 silly audit   '@babel/helper-plugin-utils': [ '7.28.6' ],
20 silly audit   '@babel/helper-string-parser': [ '7.27.1' ],
20 silly audit   '@babel/helper-validator-identifier': [ '7.28.5' ],
20 silly audit   '@babel/helper-validator-option': [ '7.27.1' ],
20 silly audit   '@babel/helpers': [ '7.28.6' ],
20 silly audit   '@babel/parser': [ '7.29.0' ],
20 silly audit   '@babel/plugin-syntax-jsx': [ '7.28.6' ],
20 silly audit   '@babel/plugin-transform-react-jsx': [ '7.28.6' ],
20 silly audit   '@babel/plugin-transform-react-jsx-self': [ '7.27.1' ],
20 silly audit   '@babel/plugin-transform-react-jsx-source': [ '7.27.1' ],
20 silly audit   '@babel/template': [ '7.28.6' ],
20 silly audit   '@babel/traverse': [ '7.29.0' ],
20 silly audit   '@babel/types': [ '7.29.0' ],
20 silly audit   '@emnapi/runtime': [ '1.8.1' ],
20 silly audit   '@esbuild/aix-ppc64': [ '0.21.5' ],
20 silly audit   '@esbuild/android-arm': [ '0.21.5' ],
20 silly audit   '@esbuild/android-arm64': [ '0.21.5' ],
20 silly audit   '@esbuild/android-x64': [ '0.21.5' ],
20 silly audit   '@esbuild/darwin-arm64': [ '0.21.5' ],
20 silly audit   '@esbuild/darwin-x64': [ '0.21.5' ],
20 silly audit   '@esbuild/freebsd-arm64': [ '0.21.5' ],
20 silly audit   '@esbuild/freebsd-x64': [ '0.21.5' ],
20 silly audit   '@esbuild/linux-arm': [ '0.21.5' ],
20 silly audit   '@esbuild/linux-arm64': [ '0.21.5' ],
20 silly audit   '@esbuild/linux-ia32': [ '0.21.5' ],
20 silly audit   '@esbuild/linux-loong64': [ '0.21.5' ],
20 silly audit   '@esbuild/linux-mips64el': [ '0.21.5' ],
20 silly audit   '@esbuild/linux-ppc64': [ '0.21.5' ],
20 silly audit   '@esbuild/linux-riscv64': [ '0.21.5' ],
20 silly audit   '@esbuild/linux-s390x': [ '0.21.5' ],
20 silly audit   '@esbuild/linux-x64': [ '0.21.5' ],
20 silly audit   '@esbuild/netbsd-x64': [ '0.21.5' ],
20 silly audit   '@esbuild/openbsd-x64': [ '0.21.5' ],
20 silly audit   '@esbuild/sunos-x64': [ '0.21.5' ],
20 silly audit   '@esbuild/win32-arm64': [ '0.21.5' ],
20 silly audit   '@esbuild/win32-ia32': [ '0.21.5' ],
20 silly audit   '@esbuild/win32-x64': [ '0.21.5' ],
20 silly audit   '@img/sharp-darwin-arm64': [ '0.33.5' ],
20 silly audit   '@img/sharp-darwin-x64': [ '0.33.5' ],
20 silly audit   '@img/sharp-libvips-darwin-arm64': [ '1.0.4' ],
20 silly audit   '@img/sharp-libvips-darwin-x64': [ '1.0.4' ],
20 silly audit   '@img/sharp-libvips-linux-arm': [ '1.0.5' ],
20 silly audit   '@img/sharp-libvips-linux-arm64': [ '1.0.4' ],
20 silly audit   '@img/sharp-libvips-linux-s390x': [ '1.0.4' ],
20 silly audit   '@img/sharp-libvips-linux-x64': [ '1.0.4' ],
20 silly audit   '@img/sharp-libvips-linuxmusl-arm64': [ '1.0.4' ],
20 silly audit   '@img/sharp-libvips-linuxmusl-x64': [ '1.0.4' ],
20 silly audit   '@img/sharp-linux-arm': [ '0.33.5' ],
20 silly audit   '@img/sharp-linux-arm64': [ '0.33.5' ],
20 silly audit   '@img/sharp-linux-s390x': [ '0.33.5' ],
20 silly audit   '@img/sharp-linux-x64': [ '0.33.5' ],
20 silly audit   '@img/sharp-linuxmusl-arm64': [ '0.33.5' ],
20 silly audit   '@img/sharp-linuxmusl-x64': [ '0.33.5' ],
20 silly audit   '@img/sharp-wasm32': [ '0.33.5' ],
20 silly audit   '@img/sharp-win32-ia32': [ '0.33.5' ],
20 silly audit   '@img/sharp-win32-x64': [ '0.33.5' ],
20 silly audit   '@jridgewell/gen-mapping': [ '0.3.13' ],
20 silly audit   '@jridgewell/remapping': [ '2.3.5' ],
20 silly audit   '@jridgewell/resolve-uri': [ '3.1.2' ],
20 silly audit   '@jridgewell/sourcemap-codec': [ '1.5.5' ],
20 silly audit   '@jridgewell/trace-mapping': [ '0.3.31' ],
20 silly audit   '@mdx-js/mdx': [ '3.1.1' ],
20 silly audit   '@nodelib/fs.scandir': [ '2.1.5' ],
20 silly audit   '@nodelib/fs.stat': [ '2.0.5' ],
20 silly audit   '@nodelib/fs.walk': [ '1.2.8' ],
20 silly audit   '@oslojs/encoding': [ '1.1.0' ],
20 silly audit   '@rolldown/pluginutils': [ '1.0.0-beta.27' ],
20 silly audit   '@rollup/pluginutils': [ '5.3.0' ],
20 silly audit   'estree-walker': [ '2.0.2', '3.0.3' ],
20 silly audit   '@rollup/rollup-android-arm-eabi': [ '4.59.0' ],
20 silly audit   '@rollup/rollup-android-arm64': [ '4.59.0' ],
20 silly audit   '@rollup/rollup-darwin-x64': [ '4.59.0' ],
20 silly audit   '@rollup/rollup-freebsd-arm64': [ '4.59.0' ],
20 silly audit   '@rollup/rollup-freebsd-x64': [ '4.59.0' ],
20 silly audit   '@rollup/rollup-linux-arm-gnueabihf': [ '4.59.0' ],
20 silly audit   '@rollup/rollup-linux-arm-musleabihf': [ '4.59.0' ],
20 silly audit   '@rollup/rollup-linux-arm64-gnu': [ '4.59.0' ],
20 silly audit   '@rollup/rollup-linux-arm64-musl': [ '4.59.0' ],
20 silly audit   '@rollup/rollup-linux-loong64-gnu': [ '4.59.0' ],
20 silly audit   '@rollup/rollup-linux-loong64-musl': [ '4.59.0' ],
20 silly audit   '@rollup/rollup-linux-ppc64-gnu': [ '4.59.0' ],
20 silly audit   '@rollup/rollup-linux-ppc64-musl': [ '4.59.0' ],
20 silly audit   '@rollup/rollup-linux-riscv64-gnu': [ '4.59.0' ],
20 silly audit   '@rollup/rollup-linux-riscv64-musl': [ '4.59.0' ],
20 silly audit   '@rollup/rollup-linux-s390x-gnu': [ '4.59.0' ],
20 silly audit   '@rollup/rollup-linux-x64-gnu': [ '4.59.0' ],
20 silly audit   '@rollup/rollup-linux-x64-musl': [ '4.59.0' ],
20 silly audit   '@rollup/rollup-openbsd-x64': [ '4.59.0' ],
20 silly audit   '@rollup/rollup-openharmony-arm64': [ '4.59.0' ],
20 silly audit   '@rollup/rollup-win32-arm64-msvc': [ '4.59.0' ],
20 silly audit   '@rollup/rollup-win32-ia32-msvc': [ '4.59.0' ],
20 silly audit   '@rollup/rollup-win32-x64-gnu': [ '4.59.0' ],
20 silly audit   '@rollup/rollup-win32-x64-msvc': [ '4.59.0' ],
20 silly audit   '@shikijs/core': [ '1.29.2' ],
20 silly audit   '@shikijs/engine-javascript': [ '1.29.2' ],
20 silly audit   '@shikijs/engine-oniguruma': [ '1.29.2' ],
20 silly audit   '@shikijs/langs': [ '1.29.2' ],
20 silly audit   '@shikijs/themes': [ '1.29.2' ],
20 silly audit   '@shikijs/types': [ '1.29.2' ],
20 silly audit   '@shikijs/vscode-textmate': [ '10.0.2' ],
20 silly audit   '@types/babel__core': [ '7.20.5' ],
20 silly audit   '@types/babel__generator': [ '7.27.0' ],
20 silly audit   '@types/babel__template': [ '7.4.4' ],
20 silly audit   '@types/babel__traverse': [ '7.28.0' ],
20 silly audit   '@types/cookie': [ '0.6.0' ],
20 silly audit   '@types/debug': [ '4.1.12' ],
20 silly audit   '@types/estree': [ '1.0.8' ],
20 silly audit   '@types/estree-jsx': [ '1.0.5' ],
20 silly audit   '@types/hast': [ '3.0.4' ],
20 silly audit   '@types/mdast': [ '4.0.4' ],
20 silly audit   '@types/mdx': [ '2.0.13' ],
20 silly audit   '@types/ms': [ '2.1.0' ],
20 silly audit   '@types/nlcst': [ '2.0.3' ],
20 silly audit   '@types/unist': [ '3.0.3', '2.0.11' ],
20 silly audit   '@ungap/structured-clone': [ '1.3.0' ],
20 silly audit   '@vitejs/plugin-react': [ '4.7.0' ],
20 silly audit   acorn: [ '8.16.0' ],
20 silly audit   'acorn-jsx': [ '5.3.2' ],
20 silly audit   'ansi-align': [ '3.0.1' ],
20 silly audit   'ansi-regex': [ '5.0.1', '6.2.2' ],
20 silly audit   'emoji-regex': [ '8.0.0', '10.6.0' ],
20 silly audit   'string-width': [ '4.2.3', '7.2.0' ],
20 silly audit   'strip-ansi': [ '6.0.1', '7.2.0' ],
20 silly audit   'ansi-styles': [ '6.2.3' ],
20 silly audit   'any-promise': [ '1.3.0' ],
20 silly audit   anymatch: [ '3.1.3' ],
20 silly audit   picomatch: [ '2.3.1', '4.0.3' ],
20 silly audit   arg: [ '5.0.2' ],
20 silly audit   argparse: [ '2.0.1', '1.0.10' ],
20 silly audit   'aria-query': [ '5.3.2' ],
20 silly audit   'array-iterate': [ '2.0.1' ],
20 silly audit   astring: [ '1.9.0' ],
20 silly audit   astro: [ '4.16.19' ],
20 silly audit   semver: [ '7.7.4', '6.3.1' ],
20 silly audit   autoprefixer: [ '10.4.27' ],
20 silly audit   'axobject-query': [ '4.1.0' ],
20 silly audit   bail: [ '2.0.2' ],
20 silly audit   'base-64': [ '1.0.0' ],
20 silly audit   'baseline-browser-mapping': [ '2.10.0' ],
20 silly audit   'binary-extensions': [ '2.3.0' ],
20 silly audit   boxen: [ '8.0.1' ],
20 silly audit   braces: [ '3.0.3' ],
20 silly audit   browserslist: [ '4.28.1' ],
20 silly audit   camelcase: [ '8.0.0' ],
20 silly audit   'camelcase-css': [ '2.0.1' ],
20 silly audit   'caniuse-lite': [ '1.0.30001776' ],
20 silly audit   ccount: [ '2.0.1' ],
20 silly audit   chalk: [ '5.6.2' ],
20 silly audit   'character-entities': [ '2.0.2' ],
20 silly audit   'character-entities-html4': [ '2.1.0' ],
20 silly audit   'character-entities-legacy': [ '3.0.0' ],
20 silly audit   'character-reference-invalid': [ '2.0.1' ],
20 silly audit   chokidar: [ '3.6.0' ],
20 silly audit   'ci-info': [ '4.4.0' ],
20 silly audit   'cli-boxes': [ '3.0.0' ],
20 silly audit   'cli-cursor': [ '5.0.0' ],
20 silly audit   'cli-spinners': [ '2.9.2' ],
20 silly audit   clsx: [ '2.1.1' ],
20 silly audit   'collapse-white-space': [ '2.1.0' ],
20 silly audit   color: [ '4.2.3' ],
20 silly audit   'color-convert': [ '2.0.1' ],
20 silly audit   'color-name': [ '1.1.4' ],
20 silly audit   'color-string': [ '1.9.1' ],
20 silly audit   'comma-separated-tokens': [ '2.0.3' ],
20 silly audit   commander: [ '4.1.1' ],
20 silly audit   'common-ancestor-path': [ '1.0.1' ],
20 silly audit   'convert-source-map': [ '2.0.0' ],
20 silly audit   cookie: [ '0.7.2' ],
20 silly audit   cssesc: [ '3.0.0' ],
20 silly audit   debug: [ '4.4.3' ],
20 silly audit   'decode-named-character-reference': [ '1.3.0' ],
20 silly audit   dequal: [ '2.0.3' ],
20 silly audit   'detect-libc': [ '2.1.2' ],
20 silly audit   'deterministic-object-hash': [ '2.0.2' ],
20 silly audit   devalue: [ '5.6.3' ],
20 silly audit   devlop: [ '1.1.0' ],
20 silly audit   didyoumean: [ '1.2.2' ],
20 silly audit   diff: [ '5.2.2' ],
20 silly audit   dlv: [ '1.1.3' ],
20 silly audit   dset: [ '3.1.4' ],
20 silly audit   'electron-to-chromium': [ '1.5.307' ],
20 silly audit   'emoji-regex-xs': [ '1.0.0' ],
20 silly audit   entities: [ '6.0.1' ],
20 silly audit   'es-module-lexer': [ '1.7.0' ],
20 silly audit   'esast-util-from-estree': [ '2.0.0' ],
20 silly audit   'esast-util-from-js': [ '2.0.1' ],
20 silly audit   esbuild: [ '0.21.5' ],
20 silly audit   escalade: [ '3.2.0' ],
20 silly audit   'escape-string-regexp': [ '5.0.0' ],
20 silly audit   esprima: [ '4.0.1' ],
20 silly audit   'estree-util-attach-comments': [ '3.0.0' ],
20 silly audit   'estree-util-build-jsx': [ '3.0.1' ],
20 silly audit   'estree-util-is-identifier-name': [ '3.0.0' ],
20 silly audit   'estree-util-scope': [ '1.0.0' ],
20 silly audit   'estree-util-to-js': [ '2.0.0' ],
20 silly audit   'estree-util-visit': [ '2.0.0' ],
20 silly audit   eventemitter3: [ '5.0.4' ],
20 silly audit   extend: [ '3.0.2' ],
20 silly audit   'extend-shallow': [ '2.0.1' ],
20 silly audit   'fast-glob': [ '3.3.3' ],
20 silly audit   fastq: [ '1.20.1' ],
20 silly audit   fdir: [ '6.5.0' ],
20 silly audit   'fill-range': [ '7.1.1' ],
20 silly audit   'find-up': [ '4.1.0' ],
20 silly audit   'find-up-simple': [ '1.0.1' ],
20 silly audit   'find-yarn-workspace-root2': [ '1.2.16' ],
20 silly audit   flattie: [ '1.1.1' ],
20 silly audit   'fraction.js': [ '5.3.4' ],
20 silly audit   'framer-motion': [ '11.18.2' ],
20 silly audit   fsevents: [ '2.3.3' ],
20 silly audit   'function-bind': [ '1.1.2' ],
20 silly audit   gensync: [ '1.0.0-beta.2' ],
20 silly audit   'get-east-asian-width': [ '1.5.0' ],
20 silly audit   'github-slugger': [ '2.0.0' ],
20 silly audit   'glob-parent': [ '5.1.2', '6.0.2' ],
20 silly audit   'graceful-fs': [ '4.2.11' ],
20 silly audit   'gray-matter': [ '4.0.3' ],
20 silly audit   'js-yaml': [ '3.14.2', '4.1.1' ],
20 silly audit   hasown: [ '2.0.2' ],
20 silly audit   'hast-util-from-html': [ '2.0.3' ],
20 silly audit   'hast-util-from-parse5': [ '8.0.3' ],
20 silly audit   'hast-util-is-element': [ '3.0.0' ],
20 silly audit   'hast-util-parse-selector': [ '4.0.0' ],
20 silly audit   'hast-util-raw': [ '9.1.0' ],
20 silly audit   'hast-util-to-estree': [ '3.1.3' ],
20 silly audit   'hast-util-to-html': [ '9.0.5' ],
20 silly audit   'hast-util-to-jsx-runtime': [ '2.3.6' ],
20 silly audit   'hast-util-to-parse5': [ '8.0.1' ],
20 silly audit   'hast-util-to-text': [ '4.0.2' ],
20 silly audit   'hast-util-whitespace': [ '3.0.0' ],
20 silly audit   hastscript: [ '9.0.1' ],
20 silly audit   'html-escaper': [ '3.0.3' ],
20 silly audit   'html-void-elements': [ '3.0.0' ],
20 silly audit   'http-cache-semantics': [ '4.2.0' ],
20 silly audit   'import-meta-resolve': [ '4.2.0' ],
20 silly audit   'inline-style-parser': [ '0.2.7' ],
20 silly audit   'is-alphabetical': [ '2.0.1' ],
20 silly audit   'is-alphanumerical': [ '2.0.1' ],
20 silly audit   'is-arrayish': [ '0.3.4' ],
20 silly audit   'is-binary-path': [ '2.1.0' ],
20 silly audit   'is-core-module': [ '2.16.1' ],
20 silly audit   'is-decimal': [ '2.0.1' ],
20 silly audit   'is-docker': [ '3.0.0' ],
20 silly audit   'is-extendable': [ '0.1.1' ],
20 silly audit   'is-extglob': [ '2.1.1' ],
20 silly audit   'is-fullwidth-code-point': [ '3.0.0' ],
20 silly audit   'is-glob': [ '4.0.3' ],
20 silly audit   'is-hexadecimal': [ '2.0.1' ],
20 silly audit   'is-inside-container': [ '1.0.0' ],
20 silly audit   'is-interactive': [ '2.0.0' ],
20 silly audit   'is-number': [ '7.0.0' ],
20 silly audit   'is-plain-obj': [ '4.1.0' ],
20 silly audit   'is-unicode-supported': [ '2.1.0', '1.3.0' ],
20 silly audit   'is-wsl': [ '3.1.1' ],
20 silly audit   jiti: [ '1.21.7' ],
20 silly audit   'js-tokens': [ '4.0.0' ],
20 silly audit   jsesc: [ '3.1.0' ],
20 silly audit   json5: [ '2.2.3' ],
20 silly audit   'kind-of': [ '6.0.3' ],
20 silly audit   kleur: [ '4.1.5', '3.0.3' ],
20 silly audit   lilconfig: [ '3.1.3' ],
20 silly audit   'lines-and-columns': [ '1.2.4' ],
20 silly audit   'load-yaml-file': [ '0.2.0' ],
20 silly audit   pify: [ '4.0.1', '2.3.0' ],
20 silly audit   'locate-path': [ '5.0.0' ],
20 silly audit   'log-symbols': [ '6.0.0' ],
20 silly audit   'longest-streak': [ '3.1.0' ],
20 silly audit   'loose-envify': [ '1.4.0' ],
20 silly audit   'lru-cache': [ '5.1.1' ],
20 silly audit   'lucide-react': [ '0.363.0' ],
20 silly audit   'magic-string': [ '0.30.21' ],
20 silly audit   magicast: [ '0.3.5' ],
20 silly audit   'markdown-extensions': [ '2.0.0' ],
20 silly audit   'markdown-table': [ '3.0.4' ],
20 silly audit   'mdast-util-definitions': [ '6.0.0' ],
20 silly audit   'mdast-util-find-and-replace': [ '3.0.2' ],
20 silly audit   'mdast-util-from-markdown': [ '2.0.3' ],
20 silly audit   'mdast-util-gfm': [ '3.1.0' ],
20 silly audit   'mdast-util-gfm-autolink-literal': [ '2.0.1' ],
20 silly audit   'mdast-util-gfm-footnote': [ '2.1.0' ],
20 silly audit   'mdast-util-gfm-strikethrough': [ '2.0.0' ],
20 silly audit   'mdast-util-gfm-table': [ '2.0.0' ],
20 silly audit   'mdast-util-gfm-task-list-item': [ '2.0.0' ],
20 silly audit   'mdast-util-mdx': [ '3.0.0' ],
20 silly audit   'mdast-util-mdx-expression': [ '2.0.1' ],
20 silly audit   'mdast-util-mdx-jsx': [ '3.2.0' ],
20 silly audit   'mdast-util-mdxjs-esm': [ '2.0.1' ],
20 silly audit   'mdast-util-phrasing': [ '4.1.0' ],
20 silly audit   'mdast-util-to-hast': [ '13.2.1' ],
20 silly audit   'mdast-util-to-markdown': [ '2.1.2' ],
20 silly audit   'mdast-util-to-string': [ '4.0.0' ],
20 silly audit   merge2: [ '1.4.1' ],
20 silly audit   micromark: [ '4.0.2' ],
20 silly audit   'micromark-core-commonmark': [ '2.0.3' ],
20 silly audit   'micromark-extension-gfm': [ '3.0.0' ],
20 silly audit   'micromark-extension-gfm-autolink-literal': [ '2.1.0' ],
20 silly audit   'micromark-extension-gfm-footnote': [ '2.1.0' ],
20 silly audit   'micromark-extension-gfm-strikethrough': [ '2.1.0' ],
20 silly audit   'micromark-extension-gfm-table': [ '2.1.1' ],
20 silly audit   'micromark-extension-gfm-tagfilter': [ '2.0.0' ],
20 silly audit   'micromark-extension-gfm-task-list-item': [ '2.1.0' ],
20 silly audit   'micromark-extension-mdx-expression': [ '3.0.1' ],
20 silly audit   'micromark-extension-mdx-jsx': [ '3.0.2' ],
20 silly audit   'micromark-extension-mdx-md': [ '2.0.0' ],
20 silly audit   'micromark-extension-mdxjs': [ '3.0.0' ],
20 silly audit   'micromark-extension-mdxjs-esm': [ '3.0.0' ],
20 silly audit   'micromark-factory-destination': [ '2.0.1' ],
20 silly audit   'micromark-factory-label': [ '2.0.1' ],
20 silly audit   'micromark-factory-mdx-expression': [ '2.0.3' ],
20 silly audit   'micromark-factory-space': [ '2.0.1' ],
20 silly audit   'micromark-factory-title': [ '2.0.1' ],
20 silly audit   'micromark-factory-whitespace': [ '2.0.1' ],
20 silly audit   'micromark-util-character': [ '2.1.1' ],
20 silly audit   'micromark-util-chunked': [ '2.0.1' ],
20 silly audit   'micromark-util-classify-character': [ '2.0.1' ],
20 silly audit   'micromark-util-combine-extensions': [ '2.0.1' ],
20 silly audit   'micromark-util-decode-numeric-character-reference': [ '2.0.2' ],
20 silly audit   'micromark-util-decode-string': [ '2.0.1' ],
20 silly audit   'micromark-util-encode': [ '2.0.1' ],
20 silly audit   'micromark-util-events-to-acorn': [ '2.0.3' ],
20 silly audit   'micromark-util-html-tag-name': [ '2.0.1' ],
20 silly audit   'micromark-util-normalize-identifier': [ '2.0.1' ],
20 silly audit   'micromark-util-resolve-all': [ '2.0.1' ],
20 silly audit   'micromark-util-sanitize-uri': [ '2.0.1' ],
20 silly audit   'micromark-util-subtokenize': [ '2.1.0' ],
20 silly audit   'micromark-util-symbol': [ '2.0.1' ],
20 silly audit   'micromark-util-types': [ '2.0.2' ],
20 silly audit   micromatch: [ '4.0.8' ],
20 silly audit   'mimic-function': [ '5.0.1' ],
20 silly audit   'motion-dom': [ '11.18.1' ],
20 silly audit   'motion-utils': [ '11.18.1' ],
20 silly audit   mrmime: [ '2.0.1' ],
20 silly audit   ms: [ '2.1.3' ],
20 silly audit   mz: [ '2.7.0' ],
20 silly audit   nanoid: [ '3.3.11' ],
20 silly audit   neotraverse: [ '0.6.18' ],
20 silly audit   'nlcst-to-string': [ '4.0.0' ],
20 silly audit   'node-releases': [ '2.0.36' ],
20 silly audit   'normalize-path': [ '3.0.0' ],
20 silly audit   'object-assign': [ '4.1.1' ],
20 silly audit   'object-hash': [ '3.0.0' ],
20 silly audit   onetime: [ '7.0.0' ],
20 silly audit   'oniguruma-to-es': [ '2.3.0' ],
20 silly audit   ora: [ '8.2.0' ],
20 silly audit   'p-limit': [ '6.2.0', '2.3.0' ],
20 silly audit   'p-locate': [ '4.1.0' ],
20 silly audit   'p-queue': [ '8.1.1' ],
20 silly audit   'p-timeout': [ '6.1.4' ],
20 silly audit   'p-try': [ '2.2.0' ],
20 silly audit   'parse-entities': [ '4.0.2' ],
20 silly audit   'parse-latin': [ '7.0.0' ],
20 silly audit   parse5: [ '7.3.0' ],
20 silly audit   'path-exists': [ '4.0.0' ],
20 silly audit   'path-parse': [ '1.0.7' ],
20 silly audit   picocolors: [ '1.1.1' ],
20 silly audit   pirates: [ '4.0.7' ],
20 silly audit   'pkg-dir': [ '4.2.0' ],
20 silly audit   postcss: [ '8.5.8' ],
20 silly audit   'postcss-import': [ '15.1.0' ],
20 silly audit   'postcss-js': [ '4.1.0' ],
20 silly audit   'postcss-load-config': [ '4.0.2' ],
20 silly audit   'postcss-nested': [ '6.2.0' ],
20 silly audit   'postcss-selector-parser': [ '6.1.2' ],
20 silly audit   'postcss-value-parser': [ '4.2.0' ],
20 silly audit   'preferred-pm': [ '4.1.1' ],
20 silly audit   prismjs: [ '1.30.0' ],
20 silly audit   prompts: [ '2.4.2' ],
20 silly audit   'property-information': [ '7.1.0' ],
20 silly audit   'queue-microtask': [ '1.2.3' ],
20 silly audit   react: [ '18.3.1' ],
20 silly audit   'react-dom': [ '18.3.1' ],
20 silly audit   'react-refresh': [ '0.17.0' ],
20 silly audit   'read-cache': [ '1.0.0' ],
20 silly audit   readdirp: [ '3.6.0' ],
20 silly audit   'recma-build-jsx': [ '1.0.0' ],
20 silly audit   'recma-jsx': [ '1.0.1' ],
20 silly audit   'recma-parse': [ '1.0.0' ],
20 silly audit   'recma-stringify': [ '1.0.0' ],
20 silly audit   regex: [ '5.1.1' ],
20 silly audit   'regex-recursion': [ '5.1.1' ],
20 silly audit   'regex-utilities': [ '2.3.0' ],
20 silly audit   rehype: [ '13.0.2' ],
20 silly audit   'rehype-parse': [ '9.0.1' ],
20 silly audit   'rehype-raw': [ '7.0.0' ],
20 silly audit   'rehype-recma': [ '1.0.0' ],
20 silly audit   'rehype-stringify': [ '10.0.1' ],
20 silly audit   'remark-gfm': [ '4.0.1' ],
20 silly audit   'remark-mdx': [ '3.1.1' ],
20 silly audit   'remark-parse': [ '11.0.0' ],
20 silly audit   'remark-rehype': [ '11.1.2' ],
20 silly audit   'remark-smartypants': [ '3.0.2' ],
20 silly audit   'remark-stringify': [ '11.0.0' ],
20 silly audit   resolve: [ '1.22.11' ],
20 silly audit   'restore-cursor': [ '5.1.0' ],
20 silly audit   retext: [ '9.0.0' ],
20 silly audit   'retext-latin': [ '4.0.0' ],
20 silly audit   'retext-smartypants': [ '6.2.0' ],
20 silly audit   'retext-stringify': [ '4.0.0' ],
20 silly audit   reusify: [ '1.1.0' ],
20 silly audit   rollup: [ '4.59.0' ],
20 silly audit   'run-parallel': [ '1.2.0' ],
20 silly audit   scheduler: [ '0.23.2' ],
20 silly audit   'section-matter': [ '1.0.0' ],
20 silly audit   sharp: [ '0.33.5' ],
20 silly audit   shiki: [ '1.29.2' ],
20 silly audit   'signal-exit': [ '4.1.0' ],
20 silly audit   'simple-swizzle': [ '0.2.4' ],
20 silly audit   sisteransi: [ '1.0.5' ],
20 silly audit   'source-map': [ '0.7.6' ],
20 silly audit   'source-map-js': [ '1.2.1' ],
20 silly audit   'space-separated-tokens': [ '2.0.2' ],
20 silly audit   'sprintf-js': [ '1.0.3' ],
20 silly audit   'stdin-discarder': [ '0.2.2' ],
20 silly audit   'stringify-entities': [ '4.0.4' ],
20 silly audit   'strip-bom': [ '3.0.0' ],
20 silly audit   'strip-bom-string': [ '1.0.0' ],
20 silly audit   'style-to-js': [ '1.1.21' ],
20 silly audit   'style-to-object': [ '1.0.14' ],
20 silly audit   sucrase: [ '3.35.1' ],
20 silly audit   'supports-preserve-symlinks-flag': [ '1.0.0' ],
20 silly audit   'tailwind-merge': [ '2.6.1' ],
20 silly audit   tailwindcss: [ '3.4.19' ],
20 silly audit   thenify: [ '3.3.1' ],
20 silly audit   'thenify-all': [ '1.6.0' ],
20 silly audit   tinyexec: [ '0.3.2' ],
20 silly audit   tinyglobby: [ '0.2.15' ],
20 silly audit   'to-regex-range': [ '5.0.1' ],
20 silly audit   'trim-lines': [ '3.0.1' ],
20 silly audit   trough: [ '2.2.0' ],
20 silly audit   'ts-interface-checker': [ '0.1.13' ],
20 silly audit   tsconfck: [ '3.1.6' ],
20 silly audit   tslib: [ '2.8.1' ],
20 silly audit   'type-fest': [ '4.41.0' ],
20 silly audit   ultrahtml: [ '1.6.0' ],
20 silly audit   unified: [ '11.0.5' ],
20 silly audit   'unist-util-find-after': [ '5.0.0' ],
20 silly audit   'unist-util-is': [ '6.0.1' ],
20 silly audit   'unist-util-modify-children': [ '4.0.0' ],
20 silly audit   'unist-util-position': [ '5.0.0' ],
20 silly audit   'unist-util-position-from-estree': [ '2.0.0' ],
20 silly audit   'unist-util-remove-position': [ '5.0.0' ],
20 silly audit   'unist-util-stringify-position': [ '4.0.0' ],
20 silly audit   'unist-util-visit': [ '5.1.0' ],
20 silly audit   'unist-util-visit-children': [ '3.0.0' ],
20 silly audit   'unist-util-visit-parents': [ '6.0.2' ],
20 silly audit   'update-browserslist-db': [ '1.2.3' ],
20 silly audit   'util-deprecate': [ '1.0.2' ],
20 silly audit   vfile: [ '6.0.3' ],
20 silly audit   'vfile-location': [ '5.0.3' ],
20 silly audit   'vfile-message': [ '4.0.3' ],
20 silly audit   vite: [ '5.4.21' ],
20 silly audit   vitefu: [ '1.1.2' ],
20 silly audit   'web-namespaces': [ '2.0.1' ],
20 silly audit   'which-pm': [ '3.0.1' ],
20 silly audit   'which-pm-runs': [ '1.1.0' ],
20 silly audit   'widest-line': [ '5.0.0' ],
20 silly audit   'wrap-ansi': [ '9.0.2' ],
20 silly audit   'xxhash-wasm': [ '1.1.0' ],
20 silly audit   yallist: [ '3.1.1' ],
20 silly audit   yaml: [ '2.8.2' ],
20 silly audit   'yargs-parser': [ '21.1.1' ],
20 silly audit   'yocto-queue': [ '1.2.2' ],
20 silly audit   zod: [ '3.25.76' ],
20 silly audit   'zod-to-json-schema': [ '3.25.1' ],
20 silly audit   'zod-to-ts': [ '1.2.0' ],
20 silly audit   zwitch: [ '2.0.4' ],
20 silly audit   '@rollup/rollup-darwin-arm64': [ '4.59.0' ]
20 silly audit }
21 verbose reify failed optional dependency /Users/kanchana/Documents/cloudrace/cloudrace-astro/node_modules/fsevents
22 silly reify mark deleted [
22 silly reify   '/Users/kanchana/Documents/cloudrace/cloudrace-astro/node_modules/fsevents'
22 silly reify ]
23 verbose reify failed optional dependency /Users/kanchana/Documents/cloudrace/cloudrace-astro/node_modules/@rollup/rollup-win32-x64-msvc
24 silly reify mark deleted [
24 silly reify   '/Users/kanchana/Documents/cloudrace/cloudrace-astro/node_modules/@rollup/rollup-win32-x64-msvc'
24 silly reify ]
25 verbose reify failed optional dependency /Users/kanchana/Documents/cloudrace/cloudrace-astro/node_modules/@rollup/rollup-win32-x64-gnu
26 silly reify mark deleted [
26 silly reify   '/Users/kanchana/Documents/cloudrace/cloudrace-astro/node_modules/@rollup/rollup-win32-x64-gnu'
26 silly reify ]
27 verbose reify failed optional dependency /Users/kanchana/Documents/cloudrace/cloudrace-astro/node_modules/@rollup/rollup-win32-ia32-msvc
28 silly reify mark deleted [
28 silly reify   '/Users/kanchana/Documents/cloudrace/cloudrace-astro/node_modules/@rollup/rollup-win32-ia32-msvc'
28 silly reify ]
29 verbose reify failed optional dependency /Users/kanchana/Documents/cloudrace/cloudrace-astro/node_modules/@rollup/rollup-win32-arm64-msvc
30 silly reify mark deleted [
30 silly reify   '/Users/kanchana/Documents/cloudrace/cloudrace-astro/node_modules/@rollup/rollup-win32-arm64-msvc'
30 silly reify ]
31 verbose reify failed optional dependency /Users/kanchana/Documents/cloudrace/cloudrace-astro/node_modules/@rollup/rollup-openharmony-arm64
32 silly reify mark deleted [
32 silly reify   '/Users/kanchana/Documents/cloudrace/cloudrace-astro/node_modules/@rollup/rollup-openharmony-arm64'
32 silly reify ]
33 verbose reify failed optional dependency /Users/kanchana/Documents/cloudrace/cloudrace-astro/node_modules/@rollup/rollup-openbsd-x64
34 silly reify mark deleted [
34 silly reify   '/Users/kanchana/Documents/cloudrace/cloudrace-astro/node_modules/@rollup/rollup-openbsd-x64'
34 silly reify ]
35 verbose reify failed optional dependency /Users/kanchana/Documents/cloudrace/cloudrace-astro/node_modules/@rollup/rollup-linux-x64-musl
36 silly reify mark deleted [
36 silly reify   '/Users/kanchana/Documents/cloudrace/cloudrace-astro/node_modules/@rollup/rollup-linux-x64-musl'
36 silly reify ]
37 verbose reify failed optional dependency /Users/kanchana/Documents/cloudrace/cloudrace-astro/node_modules/@rollup/rollup-linux-x64-gnu
38 silly reify mark deleted [
38 silly reify   '/Users/kanchana/Documents/cloudrace/cloudrace-astro/node_modules/@rollup/rollup-linux-x64-gnu'
38 silly reify ]
39 verbose reify failed optional dependency /Users/kanchana/Documents/cloudrace/cloudrace-astro/node_modules/@rollup/rollup-linux-s390x-gnu
40 silly reify mark deleted [
40 silly reify   '/Users/kanchana/Documents/cloudrace/cloudrace-astro/node_modules/@rollup/rollup-linux-s390x-gnu'
40 silly reify ]
41 verbose reify failed optional dependency /Users/kanchana/Documents/cloudrace/cloudrace-astro/node_modules/@rollup/rollup-linux-riscv64-musl
42 silly reify mark deleted [
42 silly reify   '/Users/kanchana/Documents/cloudrace/cloudrace-astro/node_modules/@rollup/rollup-linux-riscv64-musl'
42 silly reify ]
43 verbose reify failed optional dependency /Users/kanchana/Documents/cloudrace/cloudrace-astro/node_modules/@rollup/rollup-linux-riscv64-gnu
44 silly reify mark deleted [
44 silly reify   '/Users/kanchana/Documents/cloudrace/cloudrace-astro/node_modules/@rollup/rollup-linux-riscv64-gnu'
44 silly reify ]
45 verbose reify failed optional dependency /Users/kanchana/Documents/cloudrace/cloudrace-astro/node_modules/@rollup/rollup-linux-ppc64-musl
46 silly reify mark deleted [
46 silly reify   '/Users/kanchana/Documents/cloudrace/cloudrace-astro/node_modules/@rollup/rollup-linux-ppc64-musl'
46 silly reify ]
47 verbose reify failed optional dependency /Users/kanchana/Documents/cloudrace/cloudrace-astro/node_modules/@rollup/rollup-linux-ppc64-gnu
48 silly reify mark deleted [
48 silly reify   '/Users/kanchana/Documents/cloudrace/cloudrace-astro/node_modules/@rollup/rollup-linux-ppc64-gnu'
48 silly reify ]
49 verbose reify failed optional dependency /Users/kanchana/Documents/cloudrace/cloudrace-astro/node_modules/@rollup/rollup-linux-loong64-musl
50 silly reify mark deleted [
50 silly reify   '/Users/kanchana/Documents/cloudrace/cloudrace-astro/node_modules/@rollup/rollup-linux-loong64-musl'
50 silly reify ]
51 verbose reify failed optional dependency /Users/kanchana/Documents/cloudrace/cloudrace-astro/node_modules/@rollup/rollup-linux-loong64-gnu
52 silly reify mark deleted [
52 silly reify   '/Users/kanchana/Documents/cloudrace/cloudrace-astro/node_modules/@rollup/rollup-linux-loong64-gnu'
52 silly reify ]
53 verbose reify failed optional dependency /Users/kanchana/Documents/cloudrace/cloudrace-astro/node_modules/@rollup/rollup-linux-arm-musleabihf
54 silly reify mark deleted [
54 silly reify   '/Users/kanchana/Documents/cloudrace/cloudrace-astro/node_modules/@rollup/rollup-linux-arm-musleabihf'
54 silly reify ]
55 verbose reify failed optional dependency /Users/kanchana/Documents/cloudrace/cloudrace-astro/node_modules/@rollup/rollup-linux-arm-gnueabihf
56 silly reify mark deleted [
56 silly reify   '/Users/kanchana/Documents/cloudrace/cloudrace-astro/node_modules/@rollup/rollup-linux-arm-gnueabihf'
56 silly reify ]
57 verbose reify failed optional dependency /Users/kanchana/Documents/cloudrace/cloudrace-astro/node_modules/@rollup/rollup-freebsd-x64
58 silly reify mark deleted [
58 silly reify   '/Users/kanchana/Documents/cloudrace/cloudrace-astro/node_modules/@rollup/rollup-freebsd-x64'
58 silly reify ]
59 verbose reify failed optional dependency /Users/kanchana/Documents/cloudrace/cloudrace-astro/node_modules/@rollup/rollup-freebsd-arm64
60 silly reify mark deleted [
60 silly reify   '/Users/kanchana/Documents/cloudrace/cloudrace-astro/node_modules/@rollup/rollup-freebsd-arm64'
60 silly reify ]
61 verbose reify failed optional dependency /Users/kanchana/Documents/cloudrace/cloudrace-astro/node_modules/@rollup/rollup-darwin-x64
62 silly reify mark deleted [
62 silly reify   '/Users/kanchana/Documents/cloudrace/cloudrace-astro/node_modules/@rollup/rollup-darwin-x64'
62 silly reify ]
63 verbose reify failed optional dependency /Users/kanchana/Documents/cloudrace/cloudrace-astro/node_modules/@rollup/rollup-android-arm64
64 silly reify mark deleted [
64 silly reify   '/Users/kanchana/Documents/cloudrace/cloudrace-astro/node_modules/@rollup/rollup-android-arm64'
64 silly reify ]
65 verbose reify failed optional dependency /Users/kanchana/Documents/cloudrace/cloudrace-astro/node_modules/@rollup/rollup-android-arm-eabi
66 silly reify mark deleted [
66 silly reify   '/Users/kanchana/Documents/cloudrace/cloudrace-astro/node_modules/@rollup/rollup-android-arm-eabi'
66 silly reify ]
67 verbose reify failed optional dependency /Users/kanchana/Documents/cloudrace/cloudrace-astro/node_modules/@img/sharp-win32-x64
68 silly reify mark deleted [
68 silly reify   '/Users/kanchana/Documents/cloudrace/cloudrace-astro/node_modules/@img/sharp-win32-x64'
68 silly reify ]
69 verbose reify failed optional dependency /Users/kanchana/Documents/cloudrace/cloudrace-astro/node_modules/@img/sharp-win32-ia32
70 silly reify mark deleted [
70 silly reify   '/Users/kanchana/Documents/cloudrace/cloudrace-astro/node_modules/@img/sharp-win32-ia32'
70 silly reify ]
71 verbose reify failed optional dependency /Users/kanchana/Documents/cloudrace/cloudrace-astro/node_modules/@img/sharp-wasm32
72 silly reify mark deleted [
72 silly reify   '/Users/kanchana/Documents/cloudrace/cloudrace-astro/node_modules/@img/sharp-wasm32'
72 silly reify ]
73 verbose reify failed optional dependency /Users/kanchana/Documents/cloudrace/cloudrace-astro/node_modules/@emnapi/runtime
74 silly reify mark deleted [
74 silly reify   '/Users/kanchana/Documents/cloudrace/cloudrace-astro/node_modules/@emnapi/runtime'
74 silly reify ]
75 verbose reify failed optional dependency /Users/kanchana/Documents/cloudrace/cloudrace-astro/node_modules/@img/sharp-linuxmusl-x64
76 silly reify mark deleted [
76 silly reify   '/Users/kanchana/Documents/cloudrace/cloudrace-astro/node_modules/@img/sharp-linuxmusl-x64'
76 silly reify ]
77 verbose reify failed optional dependency /Users/kanchana/Documents/cloudrace/cloudrace-astro/node_modules/@img/sharp-linux-x64
78 silly reify mark deleted [
78 silly reify   '/Users/kanchana/Documents/cloudrace/cloudrace-astro/node_modules/@img/sharp-linux-x64'
78 silly reify ]
79 verbose reify failed optional dependency /Users/kanchana/Documents/cloudrace/cloudrace-astro/node_modules/@img/sharp-linux-s390x
80 silly reify mark deleted [
80 silly reify   '/Users/kanchana/Documents/cloudrace/cloudrace-astro/node_modules/@img/sharp-linux-s390x'
80 silly reify ]
81 verbose reify failed optional dependency /Users/kanchana/Documents/cloudrace/cloudrace-astro/node_modules/@img/sharp-linux-arm
82 silly reify mark deleted [
82 silly reify   '/Users/kanchana/Documents/cloudrace/cloudrace-astro/node_modules/@img/sharp-linux-arm'
82 silly reify ]
83 verbose reify failed optional dependency /Users/kanchana/Documents/cloudrace/cloudrace-astro/node_modules/@img/sharp-libvips-linuxmusl-x64
84 silly reify mark deleted [
84 silly reify   '/Users/kanchana/Documents/cloudrace/cloudrace-astro/node_modules/@img/sharp-libvips-linuxmusl-x64'
84 silly reify ]
85 verbose reify failed optional dependency /Users/kanchana/Documents/cloudrace/cloudrace-astro/node_modules/@img/sharp-libvips-linux-x64
86 silly reify mark deleted [
86 silly reify   '/Users/kanchana/Documents/cloudrace/cloudrace-astro/node_modules/@img/sharp-libvips-linux-x64'
86 silly reify ]
87 verbose reify failed optional dependency /Users/kanchana/Documents/cloudrace/cloudrace-astro/node_modules/@img/sharp-libvips-linux-s390x
88 silly reify mark deleted [
88 silly reify   '/Users/kanchana/Documents/cloudrace/cloudrace-astro/node_modules/@img/sharp-libvips-linux-s390x'
88 silly reify ]
89 verbose reify failed optional dependency /Users/kanchana/Documents/cloudrace/cloudrace-astro/node_modules/@img/sharp-libvips-linux-arm
90 silly reify mark deleted [
90 silly reify   '/Users/kanchana/Documents/cloudrace/cloudrace-astro/node_modules/@img/sharp-libvips-linux-arm'
90 silly reify ]
91 verbose reify failed optional dependency /Users/kanchana/Documents/cloudrace/cloudrace-astro/node_modules/@img/sharp-libvips-darwin-x64
92 silly reify mark deleted [
92 silly reify   '/Users/kanchana/Documents/cloudrace/cloudrace-astro/node_modules/@img/sharp-libvips-darwin-x64'
92 silly reify ]
93 verbose reify failed optional dependency /Users/kanchana/Documents/cloudrace/cloudrace-astro/node_modules/@img/sharp-libvips-darwin-arm64
94 silly reify mark deleted [
94 silly reify   '/Users/kanchana/Documents/cloudrace/cloudrace-astro/node_modules/@img/sharp-libvips-darwin-arm64'
94 silly reify ]
95 verbose reify failed optional dependency /Users/kanchana/Documents/cloudrace/cloudrace-astro/node_modules/@img/sharp-darwin-x64
96 silly reify mark deleted [
96 silly reify   '/Users/kanchana/Documents/cloudrace/cloudrace-astro/node_modules/@img/sharp-darwin-x64'
96 silly reify ]
97 verbose reify failed optional dependency /Users/kanchana/Documents/cloudrace/cloudrace-astro/node_modules/@img/sharp-darwin-arm64
98 silly reify mark deleted [
98 silly reify   '/Users/kanchana/Documents/cloudrace/cloudrace-astro/node_modules/@img/sharp-darwin-arm64'
98 silly reify ]
99 verbose reify failed optional dependency /Users/kanchana/Documents/cloudrace/cloudrace-astro/node_modules/@esbuild/win32-x64
100 silly reify mark deleted [
100 silly reify   '/Users/kanchana/Documents/cloudrace/cloudrace-astro/node_modules/@esbuild/win32-x64'
100 silly reify ]
101 verbose reify failed optional dependency /Users/kanchana/Documents/cloudrace/cloudrace-astro/node_modules/@esbuild/win32-ia32
102 silly reify mark deleted [
102 silly reify   '/Users/kanchana/Documents/cloudrace/cloudrace-astro/node_modules/@esbuild/win32-ia32'
102 silly reify ]
103 verbose reify failed optional dependency /Users/kanchana/Documents/cloudrace/cloudrace-astro/node_modules/@esbuild/win32-arm64
104 silly reify mark deleted [
104 silly reify   '/Users/kanchana/Documents/cloudrace/cloudrace-astro/node_modules/@esbuild/win32-arm64'
104 silly reify ]
105 verbose reify failed optional dependency /Users/kanchana/Documents/cloudrace/cloudrace-astro/node_modules/@esbuild/sunos-x64
106 silly reify mark deleted [
106 silly reify   '/Users/kanchana/Documents/cloudrace/cloudrace-astro/node_modules/@esbuild/sunos-x64'
106 silly reify ]
107 verbose reify failed optional dependency /Users/kanchana/Documents/cloudrace/cloudrace-astro/node_modules/@esbuild/openbsd-x64
108 silly reify mark deleted [
108 silly reify   '/Users/kanchana/Documents/cloudrace/cloudrace-astro/node_modules/@esbuild/openbsd-x64'
108 silly reify ]
109 verbose reify failed optional dependency /Users/kanchana/Documents/cloudrace/cloudrace-astro/node_modules/@esbuild/netbsd-x64
110 silly reify mark deleted [
110 silly reify   '/Users/kanchana/Documents/cloudrace/cloudrace-astro/node_modules/@esbuild/netbsd-x64'
110 silly reify ]
111 verbose reify failed optional dependency /Users/kanchana/Documents/cloudrace/cloudrace-astro/node_modules/@esbuild/linux-x64
112 silly reify mark deleted [
112 silly reify   '/Users/kanchana/Documents/cloudrace/cloudrace-astro/node_modules/@esbuild/linux-x64'
112 silly reify ]
113 verbose reify failed optional dependency /Users/kanchana/Documents/cloudrace/cloudrace-astro/node_modules/@esbuild/linux-s390x
114 silly reify mark deleted [
114 silly reify   '/Users/kanchana/Documents/cloudrace/cloudrace-astro/node_modules/@esbuild/linux-s390x'
114 silly reify ]
115 verbose reify failed optional dependency /Users/kanchana/Documents/cloudrace/cloudrace-astro/node_modules/@esbuild/linux-riscv64
116 silly reify mark deleted [
116 silly reify   '/Users/kanchana/Documents/cloudrace/cloudrace-astro/node_modules/@esbuild/linux-riscv64'
116 silly reify ]
117 verbose reify failed optional dependency /Users/kanchana/Documents/cloudrace/cloudrace-astro/node_modules/@esbuild/linux-ppc64
118 silly reify mark deleted [
118 silly reify   '/Users/kanchana/Documents/cloudrace/cloudrace-astro/node_modules/@esbuild/linux-ppc64'
118 silly reify ]
119 verbose reify failed optional dependency /Users/kanchana/Documents/cloudrace/cloudrace-astro/node_modules/@esbuild/linux-mips64el
120 silly reify mark deleted [
120 silly reify   '/Users/kanchana/Documents/cloudrace/cloudrace-astro/node_modules/@esbuild/linux-mips64el'
120 silly reify ]
121 verbose reify failed optional dependency /Users/kanchana/Documents/cloudrace/cloudrace-astro/node_modules/@esbuild/linux-loong64
122 silly reify mark deleted [
122 silly reify   '/Users/kanchana/Documents/cloudrace/cloudrace-astro/node_modules/@esbuild/linux-loong64'
122 silly reify ]
123 verbose reify failed optional dependency /Users/kanchana/Documents/cloudrace/cloudrace-astro/node_modules/@esbuild/linux-ia32
124 silly reify mark deleted [
124 silly reify   '/Users/kanchana/Documents/cloudrace/cloudrace-astro/node_modules/@esbuild/linux-ia32'
124 silly reify ]
125 verbose reify failed optional dependency /Users/kanchana/Documents/cloudrace/cloudrace-astro/node_modules/@esbuild/linux-arm
126 silly reify mark deleted [
126 silly reify   '/Users/kanchana/Documents/cloudrace/cloudrace-astro/node_modules/@esbuild/linux-arm'
126 silly reify ]
127 verbose reify failed optional dependency /Users/kanchana/Documents/cloudrace/cloudrace-astro/node_modules/@esbuild/freebsd-x64
128 silly reify mark deleted [
128 silly reify   '/Users/kanchana/Documents/cloudrace/cloudrace-astro/node_modules/@esbuild/freebsd-x64'
128 silly reify ]
129 verbose reify failed optional dependency /Users/kanchana/Documents/cloudrace/cloudrace-astro/node_modules/@esbuild/freebsd-arm64
130 silly reify mark deleted [
130 silly reify   '/Users/kanchana/Documents/cloudrace/cloudrace-astro/node_modules/@esbuild/freebsd-arm64'
130 silly reify ]
131 verbose reify failed optional dependency /Users/kanchana/Documents/cloudrace/cloudrace-astro/node_modules/@esbuild/darwin-x64
132 silly reify mark deleted [
132 silly reify   '/Users/kanchana/Documents/cloudrace/cloudrace-astro/node_modules/@esbuild/darwin-x64'
132 silly reify ]
133 verbose reify failed optional dependency /Users/kanchana/Documents/cloudrace/cloudrace-astro/node_modules/@esbuild/darwin-arm64
134 silly reify mark deleted [
134 silly reify   '/Users/kanchana/Documents/cloudrace/cloudrace-astro/node_modules/@esbuild/darwin-arm64'
134 silly reify ]
135 verbose reify failed optional dependency /Users/kanchana/Documents/cloudrace/cloudrace-astro/node_modules/@esbuild/android-x64
136 silly reify mark deleted [
136 silly reify   '/Users/kanchana/Documents/cloudrace/cloudrace-astro/node_modules/@esbuild/android-x64'
136 silly reify ]
137 verbose reify failed optional dependency /Users/kanchana/Documents/cloudrace/cloudrace-astro/node_modules/@esbuild/android-arm64
138 silly reify mark deleted [
138 silly reify   '/Users/kanchana/Documents/cloudrace/cloudrace-astro/node_modules/@esbuild/android-arm64'
138 silly reify ]
139 verbose reify failed optional dependency /Users/kanchana/Documents/cloudrace/cloudrace-astro/node_modules/@esbuild/android-arm
140 silly reify mark deleted [
140 silly reify   '/Users/kanchana/Documents/cloudrace/cloudrace-astro/node_modules/@esbuild/android-arm'
140 silly reify ]
141 verbose reify failed optional dependency /Users/kanchana/Documents/cloudrace/cloudrace-astro/node_modules/@esbuild/aix-ppc64
142 silly reify mark deleted [
142 silly reify   '/Users/kanchana/Documents/cloudrace/cloudrace-astro/node_modules/@esbuild/aix-ppc64'
142 silly reify ]
143 http cache @rollup/rollup-darwin-arm64@https://registry.npmjs.org/@rollup/rollup-darwin-arm64/-/rollup-darwin-arm64-4.59.0.tgz 0ms (cache hit)
144 http cache @img/sharp-linuxmusl-arm64@https://registry.npmjs.org/@img/sharp-linuxmusl-arm64/-/sharp-linuxmusl-arm64-0.33.5.tgz 0ms (cache hit)
145 http cache @img/sharp-linux-arm64@https://registry.npmjs.org/@img/sharp-linux-arm64/-/sharp-linux-arm64-0.33.5.tgz 0ms (cache hit)
146 http cache @rollup/rollup-linux-arm64-gnu@https://registry.npmjs.org/@rollup/rollup-linux-arm64-gnu/-/rollup-linux-arm64-gnu-4.59.0.tgz 0ms (cache hit)
147 http cache @img/sharp-libvips-linuxmusl-arm64@https://registry.npmjs.org/@img/sharp-libvips-linuxmusl-arm64/-/sharp-libvips-linuxmusl-arm64-1.0.4.tgz 0ms (cache hit)
148 http cache @img/sharp-libvips-linux-arm64@https://registry.npmjs.org/@img/sharp-libvips-linux-arm64/-/sharp-libvips-linux-arm64-1.0.4.tgz 0ms (cache hit)
149 http cache @rollup/rollup-linux-arm64-musl@https://registry.npmjs.org/@rollup/rollup-linux-arm64-musl/-/rollup-linux-arm64-musl-4.59.0.tgz 0ms (cache hit)
150 http cache @emnapi/runtime@https://registry.npmjs.org/@emnapi/runtime/-/runtime-1.8.1.tgz 0ms (cache hit)
151 silly tarball no local data for @rollup/rollup-darwin-arm64@https://registry.npmjs.org/@rollup/rollup-darwin-arm64/-/rollup-darwin-arm64-4.59.0.tgz. Extracting by manifest.
152 silly tarball no local data for @img/sharp-linuxmusl-arm64@https://registry.npmjs.org/@img/sharp-linuxmusl-arm64/-/sharp-linuxmusl-arm64-0.33.5.tgz. Extracting by manifest.
153 silly tarball no local data for @img/sharp-linux-arm64@https://registry.npmjs.org/@img/sharp-linux-arm64/-/sharp-linux-arm64-0.33.5.tgz. Extracting by manifest.
154 silly tarball no local data for @rollup/rollup-linux-arm64-gnu@https://registry.npmjs.org/@rollup/rollup-linux-arm64-gnu/-/rollup-linux-arm64-gnu-4.59.0.tgz. Extracting by manifest.
155 silly tarball no local data for @img/sharp-libvips-linuxmusl-arm64@https://registry.npmjs.org/@img/sharp-libvips-linuxmusl-arm64/-/sharp-libvips-linuxmusl-arm64-1.0.4.tgz. Extracting by manifest.
156 silly tarball no local data for @img/sharp-libvips-linux-arm64@https://registry.npmjs.org/@img/sharp-libvips-linux-arm64/-/sharp-libvips-linux-arm64-1.0.4.tgz. Extracting by manifest.
157 silly tarball no local data for @rollup/rollup-linux-arm64-musl@https://registry.npmjs.org/@rollup/rollup-linux-arm64-musl/-/rollup-linux-arm64-musl-4.59.0.tgz. Extracting by manifest.
158 http fetch POST 200 https://registry.npmjs.org/-/npm/v1/security/advisories/bulk 268ms
159 silly audit report {
159 silly audit report   astro: [
159 silly audit report     {
159 silly audit report       id: 1111026,
159 silly audit report       url: 'https://github.com/advisories/GHSA-fvmw-cj7j-j39q',
159 silly audit report       title: 'Astro Cloudflare adapter has Stored Cross-site Scripting vulnerability in /_image endpoint',
159 silly audit report       severity: 'moderate',
159 silly audit report       vulnerable_versions: '<5.15.9',
159 silly audit report       cwe: [Array],
159 silly audit report       cvss: [Object]
159 silly audit report     },
159 silly audit report     {
159 silly audit report       id: 1111027,
159 silly audit report       url: 'https://github.com/advisories/GHSA-ggxq-hp9w-j794',
159 silly audit report       title: "Astro's middleware authentication checks based on url.pathname can be bypassed via url encoded values",
159 silly audit report       severity: 'moderate',
159 silly audit report       vulnerable_versions: '<5.15.8',
159 silly audit report       cwe: [Array],
159 silly audit report       cvss: [Object]
159 silly audit report     },
159 silly audit report     {
159 silly audit report       id: 1111294,
159 silly audit report       url: 'https://github.com/advisories/GHSA-whqg-ppgf-wp8c',
159 silly audit report       title: 'Astro has an Authentication Bypass via Double URL Encoding, a bypass for CVE-2025-64765',
159 silly audit report       severity: 'moderate',
159 silly audit report       vulnerable_versions: '<5.15.8',
159 silly audit report       cwe: [Array],
159 silly audit report       cvss: [Object]
159 silly audit report     },
159 silly audit report     {
159 silly audit report       id: 1108906,
159 silly audit report       url: 'https://github.com/advisories/GHSA-5ff5-9fcw-vg88',
159 silly audit report       title: "Astro's `X-Forwarded-Host` is reflected without validation",
159 silly audit report       severity: 'moderate',
159 silly audit report       vulnerable_versions: '<5.14.3',
159 silly audit report       cwe: [Array],
159 silly audit report       cvss: [Object]
159 silly audit report     },
159 silly audit report     {
159 silly audit report       id: 1109738,
159 silly audit report       url: 'https://github.com/advisories/GHSA-hr2q-hp5q-x767',
159 silly audit report       title: 'Astro vulnerable to URL manipulation via headers, leading to middleware and CVE-2025-61925 bypass',
159 silly audit report       severity: 'moderate',
159 silly audit report       vulnerable_versions: '>=2.16.0 <5.15.5',
159 silly audit report       cwe: [Array],
159 silly audit report       cvss: [Object]
159 silly audit report     },
159 silly audit report     {
159 silly audit report       id: 1109850,
159 silly audit report       url: 'https://github.com/advisories/GHSA-wrwg-2hg8-v723',
159 silly audit report       title: 'Astro vulnerable to reflected XSS via the server islands feature',
159 silly audit report       severity: 'high',
159 silly audit report       vulnerable_versions: '<=5.15.6',
159 silly audit report       cwe: [Array],
159 silly audit report       cvss: [Object]
159 silly audit report     },
159 silly audit report     {
159 silly audit report       id: 1109851,
159 silly audit report       url: 'https://github.com/advisories/GHSA-x3h8-62x9-952g',
159 silly audit report       title: 'Astro Development Server has Arbitrary Local File Read',
159 silly audit report       severity: 'low',
159 silly audit report       vulnerable_versions: '<5.14.3',
159 silly audit report       cwe: [Array],
159 silly audit report       cvss: [Object]
159 silly audit report     }
159 silly audit report   ],
159 silly audit report   esbuild: [
159 silly audit report     {
159 silly audit report       id: 1102341,
159 silly audit report       url: 'https://github.com/advisories/GHSA-67mh-4wv8-2f99',
159 silly audit report       title: 'esbuild enables any website to send any requests to the development server and read the response',
159 silly audit report       severity: 'moderate',
159 silly audit report       vulnerable_versions: '<=0.24.2',
159 silly audit report       cwe: [Array],
159 silly audit report       cvss: [Object]
159 silly audit report     }
159 silly audit report   ]
159 silly audit report }
160 silly packumentCache corgi:https://registry.npmjs.org/astro cache-miss
161 silly packumentCache corgi:https://registry.npmjs.org/esbuild cache-miss
162 http cache https://registry.npmjs.org/esbuild 8ms (cache hit)
163 silly packumentCache corgi:https://registry.npmjs.org/esbuild set size:879341 disposed:false
164 http cache https://registry.npmjs.org/astro 18ms (cache hit)
165 silly packumentCache corgi:https://registry.npmjs.org/astro set size:4283794 disposed:false
166 silly packumentCache corgi:https://registry.npmjs.org/vite cache-miss
167 http cache https://registry.npmjs.org/vite 16ms (cache hit)
168 silly packumentCache corgi:https://registry.npmjs.org/vite set size:2190484 disposed:false
169 silly packumentCache corgi:https://registry.npmjs.org/@astrojs%2freact cache-miss
170 http cache https://registry.npmjs.org/@astrojs%2freact 10ms (cache hit)
171 silly packumentCache corgi:https://registry.npmjs.org/@astrojs%2freact set size:206197 disposed:false
172 http fetch GET 200 https://registry.npmjs.org/@img/sharp-linuxmusl-arm64/-/sharp-linuxmusl-arm64-0.33.5.tgz 371ms (cache miss)
173 http fetch GET 200 https://registry.npmjs.org/@rollup/rollup-darwin-arm64/-/rollup-darwin-arm64-4.59.0.tgz 399ms (cache miss)
174 http fetch GET 200 https://registry.npmjs.org/@img/sharp-linux-arm64/-/sharp-linux-arm64-0.33.5.tgz 571ms (cache miss)
175 http fetch GET 200 https://registry.npmjs.org/@rollup/rollup-linux-arm64-musl/-/rollup-linux-arm64-musl-4.59.0.tgz 974ms (cache miss)
176 http fetch GET 200 https://registry.npmjs.org/@rollup/rollup-linux-arm64-gnu/-/rollup-linux-arm64-gnu-4.59.0.tgz 1135ms (cache miss)
177 http fetch GET 200 https://registry.npmjs.org/@img/sharp-libvips-linuxmusl-arm64/-/sharp-libvips-linuxmusl-arm64-1.0.4.tgz 2900ms (cache miss)
178 http fetch GET 200 https://registry.npmjs.org/@img/sharp-libvips-linux-arm64/-/sharp-libvips-linux-arm64-1.0.4.tgz 3224ms (cache miss)
179 silly ADD node_modules/@rollup/rollup-darwin-arm64
180 silly ADD
181 silly ADD
182 silly ADD
183 silly ADD
184 silly ADD
185 silly ADD
186 silly ADD
187 silly ADD
188 silly ADD
189 silly ADD
190 silly ADD
191 silly ADD
192 silly ADD
193 silly ADD
194 silly ADD
195 silly ADD
196 silly ADD node_modules/@rollup/rollup-linux-arm64-musl
197 silly ADD node_modules/@rollup/rollup-linux-arm64-gnu
198 silly ADD
199 silly ADD
200 silly ADD
201 silly ADD
202 silly ADD
203 silly ADD
204 silly ADD
205 silly ADD
206 silly ADD
207 silly ADD
208 silly ADD
209 silly ADD node_modules/@img/sharp-linuxmusl-arm64
210 silly ADD
211 silly ADD
212 silly ADD node_modules/@img/sharp-linux-arm64
213 silly ADD
214 silly ADD
215 silly ADD node_modules/@img/sharp-libvips-linuxmusl-arm64
216 silly ADD
217 silly ADD
218 silly ADD node_modules/@img/sharp-libvips-linux-arm64
219 silly ADD
220 silly ADD
221 silly ADD
222 silly ADD
223 silly ADD
224 silly ADD
225 silly ADD
226 silly ADD
227 silly ADD
228 silly ADD
229 silly ADD
230 silly ADD
231 silly ADD
232 silly ADD
233 silly ADD
234 silly ADD
235 silly ADD
236 silly ADD
237 silly ADD
238 silly ADD
239 silly ADD
240 silly ADD
241 silly ADD
242 silly ADD
243 silly ADD
244 silly ADD
245 silly ADD
246 silly ADD
247 verbose cwd /Users/kanchana/Documents/cloudrace/cloudrace-astro
248 verbose os Darwin 25.3.0
249 verbose node v22.20.0
250 verbose npm  v10.9.3
251 verbose exit 0
252 info ok
