0 verbose cli /usr/local/bin/node /usr/local/bin/npm
1 info using npm@10.9.3
2 info using node@v22.20.0
3 silly config load:file:/usr/local/lib/node_modules/npm/npmrc
4 silly config load:file:/Users/kanchana/Documents/cloudrace/cloudrace-astro/node_modules/esbuild/lib/npm-install/.npmrc
5 silly config load:file:/Users/kanchana/.npmrc
6 silly config load:file:/usr/local/etc/npmrc
7 verbose title npm install @esbuild/darwin-arm64@0.21.5
8 verbose argv "install" "--loglevel" "error" "--prefer-offline" "--no-audit" "--progress" "false" "@esbuild/darwin-arm64@0.21.5"
9 verbose logfile logs-max:10 dir:/Users/kanchana/Documents/cloudrace/cloudrace-astro/.npm_cache/_logs/2026-03-05T03_22_51_689Z-
10 verbose logfile /Users/kanchana/Documents/cloudrace/cloudrace-astro/.npm_cache/_logs/2026-03-05T03_22_51_689Z-debug-0.log
11 silly logfile done cleaning log files
12 silly packumentCache heap:4345298944 maxSize:1086324736 maxEntrySize:543162368
13 silly idealTree buildDeps
14 silly fetch manifest @esbuild/darwin-arm64@0.21.5
15 silly packumentCache full:https://registry.npmjs.org/@esbuild%2fdarwin-arm64 cache-miss
16 http cache https://registry.npmjs.org/@esbuild%2fdarwin-arm64 6ms (cache hit)
17 silly packumentCache full:https://registry.npmjs.org/@esbuild%2fdarwin-arm64 set size:189596 disposed:false
18 silly placeDep ROOT @esbuild/darwin-arm64@0.21.5 OK for:  want: 0.21.5
19 silly reify moves {}
20 http cache @esbuild/darwin-arm64@https://registry.npmjs.org/@esbuild/darwin-arm64/-/darwin-arm64-0.21.5.tgz 0ms (cache hit)
21 silly ADD node_modules/@esbuild/darwin-arm64
22 verbose cwd /Users/kanchana/Documents/cloudrace/cloudrace-astro/node_modules/esbuild/lib/npm-install
23 verbose os Darwin 25.3.0
24 verbose node v22.20.0
25 verbose npm  v10.9.3
26 verbose exit 0
27 info ok
